Building DAG of jobs...
Using shell: /usr/bin/bash
Provided cores: 1 (use --cores to define parallelism)
Rules claiming more threads will be scaled down.
Provided resources: mem_mb=4000
Job stats:
job               count
--------------  -------
all                   1
get_hifi_index        1
total                 2

Select jobs to execute...

[Fri Nov 10 18:02:30 2023]
rule get_hifi_index:
    input: /nfs/turbo/dcmb-class/bioinf593/groups/group_05/raw/hifi/HG02145.hifi.bam
    output: /nfs/turbo/dcmb-class/bioinf593/groups/group_05/raw/hifi/HG02145.hifi.bam.bai
    jobid: 1
    reason: Missing output files: /nfs/turbo/dcmb-class/bioinf593/groups/group_05/raw/hifi/HG02145.hifi.bam.bai
    wildcards: sample=HG02145, ext=.bam, iext=bai
    resources: tmpdir=/tmp, mem_mb=4000, mem_mib=3815

[Fri Nov 10 18:02:34 2023]
Finished job 1.
1 of 2 steps (50%) done
Select jobs to execute...

[Fri Nov 10 18:02:34 2023]
localrule all:
    input: /nfs/turbo/dcmb-class/bioinf593/groups/group_05/raw/hifi/HG02145.hifi.bam.bai
    jobid: 0
    reason: Input files updated by another job: /nfs/turbo/dcmb-class/bioinf593/groups/group_05/raw/hifi/HG02145.hifi.bam.bai
    resources: tmpdir=/tmp

[Fri Nov 10 18:02:34 2023]
Finished job 0.
2 of 2 steps (100%) done
Complete log: .snakemake/log/2023-11-10T180227.759414.snakemake.log
