Building DAG of jobs...
Using shell: /usr/bin/bash
Provided cores: 11
Rules claiming more threads will be scaled down.
Job stats:
job           count
----------  -------
all               1
get_pileup       20
total            21

Select jobs to execute...

[Thu Nov  2 19:32:51 2023]
rule get_pileup:
    input: /nfs/turbo/dcmb-class/bioinf593/groups/group_05/raw/short/HG01361.short.cram
    output: /nfs/turbo/dcmb-class/bioinf593/groups/group_05/raw/pileup/HG01361.pileup
    jobid: 11
    reason: Missing output files: /nfs/turbo/dcmb-class/bioinf593/groups/group_05/raw/pileup/HG01361.pileup
    wildcards: sample=HG01361
    resources: tmpdir=/tmp, mem_mb=4000, mem_mib=3815


[Thu Nov  2 19:32:52 2023]
rule get_pileup:
    input: /nfs/turbo/dcmb-class/bioinf593/groups/group_05/raw/short/HG03098.short.cram
    output: /nfs/turbo/dcmb-class/bioinf593/groups/group_05/raw/pileup/HG03098.pileup
    jobid: 41
    reason: Forced execution
    wildcards: sample=HG03098
    resources: tmpdir=/tmp, mem_mb=4000, mem_mib=3815

[Thu Nov  2 19:32:52 2023]
Error in rule get_pileup:
    jobid: 11
    input: /nfs/turbo/dcmb-class/bioinf593/groups/group_05/raw/short/HG01361.short.cram
    output: /nfs/turbo/dcmb-class/bioinf593/groups/group_05/raw/pileup/HG01361.pileup
    shell:
        samtools mpileup -f /nfs/turbo/dcmb-class/bioinf593/groups/group_05/refs/GRCh38_full_analysis_set_plus_decoy_hla.fa -l /nfs/turbo/dcmb-class/bioinf593/groups/group_05/refs/slopped.bed /nfs/turbo/dcmb-class/bioinf593/groups/group_05/raw/short/HG01361.short.cram > /nfs/turbo/dcmb-class/bioinf593/groups/group_05/raw/pileup/HG01361.pileup
        (one of the commands exited with non-zero exit code; note that snakemake uses bash strict mode!)


[Thu Nov  2 19:32:52 2023]
rule get_pileup:
    input: /nfs/turbo/dcmb-class/bioinf593/groups/group_05/raw/short/NA19240.short.cram
    output: /nfs/turbo/dcmb-class/bioinf593/groups/group_05/raw/pileup/NA19240.pileup
    jobid: 37
    reason: Forced execution
    wildcards: sample=NA19240
    resources: tmpdir=/tmp, mem_mb=4000, mem_mib=3815

[Thu Nov  2 19:32:52 2023]
Error in rule get_pileup:
    jobid: 41
    input: /nfs/turbo/dcmb-class/bioinf593/groups/group_05/raw/short/HG03098.short.cram
    output: /nfs/turbo/dcmb-class/bioinf593/groups/group_05/raw/pileup/HG03098.pileup
    shell:
        samtools mpileup -f /nfs/turbo/dcmb-class/bioinf593/groups/group_05/refs/GRCh38_full_analysis_set_plus_decoy_hla.fa -l /nfs/turbo/dcmb-class/bioinf593/groups/group_05/refs/slopped.bed /nfs/turbo/dcmb-class/bioinf593/groups/group_05/raw/short/HG03098.short.cram > /nfs/turbo/dcmb-class/bioinf593/groups/group_05/raw/pileup/HG03098.pileup
        (one of the commands exited with non-zero exit code; note that snakemake uses bash strict mode!)


[Thu Nov  2 19:32:52 2023]
rule get_pileup:
    input: /nfs/turbo/dcmb-class/bioinf593/groups/group_05/raw/short/HG01106.short.cram
    output: /nfs/turbo/dcmb-class/bioinf593/groups/group_05/raw/pileup/HG01106.pileup
    jobid: 7
    reason: Forced execution
    wildcards: sample=HG01106
    resources: tmpdir=/tmp, mem_mb=4000, mem_mib=3815

[Thu Nov  2 19:32:52 2023]
Error in rule get_pileup:
    jobid: 37
    input: /nfs/turbo/dcmb-class/bioinf593/groups/group_05/raw/short/NA19240.short.cram
    output: /nfs/turbo/dcmb-class/bioinf593/groups/group_05/raw/pileup/NA19240.pileup
    shell:
        samtools mpileup -f /nfs/turbo/dcmb-class/bioinf593/groups/group_05/refs/GRCh38_full_analysis_set_plus_decoy_hla.fa -l /nfs/turbo/dcmb-class/bioinf593/groups/group_05/refs/slopped.bed /nfs/turbo/dcmb-class/bioinf593/groups/group_05/raw/short/NA19240.short.cram > /nfs/turbo/dcmb-class/bioinf593/groups/group_05/raw/pileup/NA19240.pileup
        (one of the commands exited with non-zero exit code; note that snakemake uses bash strict mode!)


[Thu Nov  2 19:32:52 2023]
rule get_pileup:
    input: /nfs/turbo/dcmb-class/bioinf593/groups/group_05/raw/short/HG02886.short.cram
    output: /nfs/turbo/dcmb-class/bioinf593/groups/group_05/raw/pileup/HG02886.pileup
    jobid: 22
    reason: Missing output files: /nfs/turbo/dcmb-class/bioinf593/groups/group_05/raw/pileup/HG02886.pileup
    wildcards: sample=HG02886
    resources: tmpdir=/tmp, mem_mb=4000, mem_mib=3815


[Thu Nov  2 19:32:52 2023]
rule get_pileup:
    input: /nfs/turbo/dcmb-class/bioinf593/groups/group_05/raw/short/HG02723.short.cram
    output: /nfs/turbo/dcmb-class/bioinf593/groups/group_05/raw/pileup/HG02723.pileup
    jobid: 33
    reason: Forced execution
    wildcards: sample=HG02723
    resources: tmpdir=/tmp, mem_mb=4000, mem_mib=3815

[Thu Nov  2 19:32:52 2023]
Error in rule get_pileup:
    jobid: 7
    input: /nfs/turbo/dcmb-class/bioinf593/groups/group_05/raw/short/HG01106.short.cram
    output: /nfs/turbo/dcmb-class/bioinf593/groups/group_05/raw/pileup/HG01106.pileup
    shell:
        samtools mpileup -f /nfs/turbo/dcmb-class/bioinf593/groups/group_05/refs/GRCh38_full_analysis_set_plus_decoy_hla.fa -l /nfs/turbo/dcmb-class/bioinf593/groups/group_05/refs/slopped.bed /nfs/turbo/dcmb-class/bioinf593/groups/group_05/raw/short/HG01106.short.cram > /nfs/turbo/dcmb-class/bioinf593/groups/group_05/raw/pileup/HG01106.pileup
        (one of the commands exited with non-zero exit code; note that snakemake uses bash strict mode!)

[Thu Nov  2 19:32:52 2023]
Error in rule get_pileup:
    jobid: 22
    input: /nfs/turbo/dcmb-class/bioinf593/groups/group_05/raw/short/HG02886.short.cram
    output: /nfs/turbo/dcmb-class/bioinf593/groups/group_05/raw/pileup/HG02886.pileup
    shell:
        samtools mpileup -f /nfs/turbo/dcmb-class/bioinf593/groups/group_05/refs/GRCh38_full_analysis_set_plus_decoy_hla.fa -l /nfs/turbo/dcmb-class/bioinf593/groups/group_05/refs/slopped.bed /nfs/turbo/dcmb-class/bioinf593/groups/group_05/raw/short/HG02886.short.cram > /nfs/turbo/dcmb-class/bioinf593/groups/group_05/raw/pileup/HG02886.pileup
        (one of the commands exited with non-zero exit code; note that snakemake uses bash strict mode!)


[Thu Nov  2 19:32:52 2023]
rule get_pileup:
    input: /nfs/turbo/dcmb-class/bioinf593/groups/group_05/raw/short/HG02717.short.cram
    output: /nfs/turbo/dcmb-class/bioinf593/groups/group_05/raw/pileup/HG02717.pileup
    jobid: 21
    reason: Missing output files: /nfs/turbo/dcmb-class/bioinf593/groups/group_05/raw/pileup/HG02717.pileup
    wildcards: sample=HG02717
    resources: tmpdir=/tmp, mem_mb=4000, mem_mib=3815

[Thu Nov  2 19:32:52 2023]
Error in rule get_pileup:
    jobid: 33
    input: /nfs/turbo/dcmb-class/bioinf593/groups/group_05/raw/short/HG02723.short.cram
    output: /nfs/turbo/dcmb-class/bioinf593/groups/group_05/raw/pileup/HG02723.pileup
    shell:
        samtools mpileup -f /nfs/turbo/dcmb-class/bioinf593/groups/group_05/refs/GRCh38_full_analysis_set_plus_decoy_hla.fa -l /nfs/turbo/dcmb-class/bioinf593/groups/group_05/refs/slopped.bed /nfs/turbo/dcmb-class/bioinf593/groups/group_05/raw/short/HG02723.short.cram > /nfs/turbo/dcmb-class/bioinf593/groups/group_05/raw/pileup/HG02723.pileup
        (one of the commands exited with non-zero exit code; note that snakemake uses bash strict mode!)


[Thu Nov  2 19:32:52 2023]
rule get_pileup:
    input: /nfs/turbo/dcmb-class/bioinf593/groups/group_05/raw/short/NA20129.short.cram
    output: /nfs/turbo/dcmb-class/bioinf593/groups/group_05/raw/pileup/NA20129.pileup
    jobid: 36
    reason: Missing output files: /nfs/turbo/dcmb-class/bioinf593/groups/group_05/raw/pileup/NA20129.pileup
    wildcards: sample=NA20129
    resources: tmpdir=/tmp, mem_mb=4000, mem_mib=3815

[Thu Nov  2 19:32:52 2023]
Error in rule get_pileup:
    jobid: 21
    input: /nfs/turbo/dcmb-class/bioinf593/groups/group_05/raw/short/HG02717.short.cram
    output: /nfs/turbo/dcmb-class/bioinf593/groups/group_05/raw/pileup/HG02717.pileup
    shell:
        samtools mpileup -f /nfs/turbo/dcmb-class/bioinf593/groups/group_05/refs/GRCh38_full_analysis_set_plus_decoy_hla.fa -l /nfs/turbo/dcmb-class/bioinf593/groups/group_05/refs/slopped.bed /nfs/turbo/dcmb-class/bioinf593/groups/group_05/raw/short/HG02717.short.cram > /nfs/turbo/dcmb-class/bioinf593/groups/group_05/raw/pileup/HG02717.pileup
        (one of the commands exited with non-zero exit code; note that snakemake uses bash strict mode!)


[Thu Nov  2 19:32:52 2023]
rule get_pileup:
    input: /nfs/turbo/dcmb-class/bioinf593/groups/group_05/raw/short/HG01071.short.cram
    output: /nfs/turbo/dcmb-class/bioinf593/groups/group_05/raw/pileup/HG01071.pileup
    jobid: 6
    reason: Missing output files: /nfs/turbo/dcmb-class/bioinf593/groups/group_05/raw/pileup/HG01071.pileup
    wildcards: sample=HG01071
    resources: tmpdir=/tmp, mem_mb=4000, mem_mib=3815

[Thu Nov  2 19:32:52 2023]
Error in rule get_pileup:
    jobid: 36
    input: /nfs/turbo/dcmb-class/bioinf593/groups/group_05/raw/short/NA20129.short.cram
    output: /nfs/turbo/dcmb-class/bioinf593/groups/group_05/raw/pileup/NA20129.pileup
    shell:
        samtools mpileup -f /nfs/turbo/dcmb-class/bioinf593/groups/group_05/refs/GRCh38_full_analysis_set_plus_decoy_hla.fa -l /nfs/turbo/dcmb-class/bioinf593/groups/group_05/refs/slopped.bed /nfs/turbo/dcmb-class/bioinf593/groups/group_05/raw/short/NA20129.short.cram > /nfs/turbo/dcmb-class/bioinf593/groups/group_05/raw/pileup/NA20129.pileup
        (one of the commands exited with non-zero exit code; note that snakemake uses bash strict mode!)


[Thu Nov  2 19:32:52 2023]
rule get_pileup:
    input: /nfs/turbo/dcmb-class/bioinf593/groups/group_05/raw/short/HG02148.short.cram
    output: /nfs/turbo/dcmb-class/bioinf593/groups/group_05/raw/pileup/HG02148.pileup
    jobid: 16
    reason: Forced execution
    wildcards: sample=HG02148
    resources: tmpdir=/tmp, mem_mb=4000, mem_mib=3815

[Thu Nov  2 19:32:52 2023]
Error in rule get_pileup:
    jobid: 6
    input: /nfs/turbo/dcmb-class/bioinf593/groups/group_05/raw/short/HG01071.short.cram
    output: /nfs/turbo/dcmb-class/bioinf593/groups/group_05/raw/pileup/HG01071.pileup
    shell:
        samtools mpileup -f /nfs/turbo/dcmb-class/bioinf593/groups/group_05/refs/GRCh38_full_analysis_set_plus_decoy_hla.fa -l /nfs/turbo/dcmb-class/bioinf593/groups/group_05/refs/slopped.bed /nfs/turbo/dcmb-class/bioinf593/groups/group_05/raw/short/HG01071.short.cram > /nfs/turbo/dcmb-class/bioinf593/groups/group_05/raw/pileup/HG01071.pileup
        (one of the commands exited with non-zero exit code; note that snakemake uses bash strict mode!)


[Thu Nov  2 19:32:52 2023]
rule get_pileup:
    input: /nfs/turbo/dcmb-class/bioinf593/groups/group_05/raw/short/HG03453.short.cram
    output: /nfs/turbo/dcmb-class/bioinf593/groups/group_05/raw/pileup/HG03453.pileup
    jobid: 23
    reason: Forced execution
    wildcards: sample=HG03453
    resources: tmpdir=/tmp, mem_mb=4000, mem_mib=3815

[Thu Nov  2 19:32:52 2023]
Error in rule get_pileup:
    jobid: 16
    input: /nfs/turbo/dcmb-class/bioinf593/groups/group_05/raw/short/HG02148.short.cram
    output: /nfs/turbo/dcmb-class/bioinf593/groups/group_05/raw/pileup/HG02148.pileup
    shell:
        samtools mpileup -f /nfs/turbo/dcmb-class/bioinf593/groups/group_05/refs/GRCh38_full_analysis_set_plus_decoy_hla.fa -l /nfs/turbo/dcmb-class/bioinf593/groups/group_05/refs/slopped.bed /nfs/turbo/dcmb-class/bioinf593/groups/group_05/raw/short/HG02148.short.cram > /nfs/turbo/dcmb-class/bioinf593/groups/group_05/raw/pileup/HG02148.pileup
        (one of the commands exited with non-zero exit code; note that snakemake uses bash strict mode!)

Removing output files of failed job get_pileup since they might be corrupted:
/nfs/turbo/dcmb-class/bioinf593/groups/group_05/raw/pileup/HG01361.pileup
Removing output files of failed job get_pileup since they might be corrupted:
/nfs/turbo/dcmb-class/bioinf593/groups/group_05/raw/pileup/HG03098.pileup
[Thu Nov  2 19:32:52 2023]
Error in rule get_pileup:
    jobid: 23
    input: /nfs/turbo/dcmb-class/bioinf593/groups/group_05/raw/short/HG03453.short.cram
    output: /nfs/turbo/dcmb-class/bioinf593/groups/group_05/raw/pileup/HG03453.pileup
    shell:
        samtools mpileup -f /nfs/turbo/dcmb-class/bioinf593/groups/group_05/refs/GRCh38_full_analysis_set_plus_decoy_hla.fa -l /nfs/turbo/dcmb-class/bioinf593/groups/group_05/refs/slopped.bed /nfs/turbo/dcmb-class/bioinf593/groups/group_05/raw/short/HG03453.short.cram > /nfs/turbo/dcmb-class/bioinf593/groups/group_05/raw/pileup/HG03453.pileup
        (one of the commands exited with non-zero exit code; note that snakemake uses bash strict mode!)

Removing output files of failed job get_pileup since they might be corrupted:
/nfs/turbo/dcmb-class/bioinf593/groups/group_05/raw/pileup/NA19240.pileup
Removing output files of failed job get_pileup since they might be corrupted:
/nfs/turbo/dcmb-class/bioinf593/groups/group_05/raw/pileup/HG01106.pileup
Removing output files of failed job get_pileup since they might be corrupted:
/nfs/turbo/dcmb-class/bioinf593/groups/group_05/raw/pileup/HG02886.pileup
Removing output files of failed job get_pileup since they might be corrupted:
/nfs/turbo/dcmb-class/bioinf593/groups/group_05/raw/pileup/HG02723.pileup
Removing output files of failed job get_pileup since they might be corrupted:
/nfs/turbo/dcmb-class/bioinf593/groups/group_05/raw/pileup/HG02717.pileup
Removing output files of failed job get_pileup since they might be corrupted:
/nfs/turbo/dcmb-class/bioinf593/groups/group_05/raw/pileup/NA20129.pileup
Removing output files of failed job get_pileup since they might be corrupted:
/nfs/turbo/dcmb-class/bioinf593/groups/group_05/raw/pileup/HG01071.pileup
Removing output files of failed job get_pileup since they might be corrupted:
/nfs/turbo/dcmb-class/bioinf593/groups/group_05/raw/pileup/HG02148.pileup
Removing output files of failed job get_pileup since they might be corrupted:
/nfs/turbo/dcmb-class/bioinf593/groups/group_05/raw/pileup/HG03453.pileup
Shutting down, this might take some time.
Exiting because a job execution failed. Look above for error message
Complete log: .snakemake/log/2023-11-02T193244.983402.snakemake.log
