Building DAG of jobs...
Using shell: /usr/bin/bash
Provided cores: 1 (use --cores to define parallelism)
Rules claiming more threads will be scaled down.
Provided resources: mem_mb=4000
Job stats:
job               count
--------------  -------
all                   1
get_hifi_index        1
total                 2

Select jobs to execute...

[Sat Nov  4 22:19:09 2023]
rule get_hifi_index:
    input: /nfs/turbo/dcmb-class/bioinf593/groups/group_05/raw/hifi/HG00438.hifi.bam
    output: /nfs/turbo/dcmb-class/bioinf593/groups/group_05/raw/hifi/HG00438.hifi.bam.bai
    jobid: 1
    reason: Updated input files: /nfs/turbo/dcmb-class/bioinf593/groups/group_05/raw/hifi/HG00438.hifi.bam
    wildcards: sample=HG00438, ext=.bam, iext=bai
    resources: tmpdir=/tmp, mem_mb=4000, mem_mib=3815

[Sat Nov  4 22:19:10 2023]
Finished job 1.
1 of 2 steps (50%) done
Select jobs to execute...

[Sat Nov  4 22:19:10 2023]
localrule all:
    input: /nfs/turbo/dcmb-class/bioinf593/groups/group_05/raw/hifi/HG00438.hifi.bam.bai
    jobid: 0
    reason: Input files updated by another job: /nfs/turbo/dcmb-class/bioinf593/groups/group_05/raw/hifi/HG00438.hifi.bam.bai
    resources: tmpdir=/tmp

[Sat Nov  4 22:19:10 2023]
Finished job 0.
2 of 2 steps (100%) done
Complete log: .snakemake/log/2023-11-04T221908.335352.snakemake.log
