Building DAG of jobs...
Using shell: /usr/bin/bash
Provided cores: 32
Rules claiming more threads will be scaled down.
Job stats:
job            count
-----------  -------
all                1
call_eh           40
subset_json       41
total             82

Select jobs to execute...

[Thu Nov  2 16:27:13 2023]
rule call_eh:
    input: /nfs/turbo/dcmb-class/bioinf593/groups/group_05/raw/short/HG03486.short.cram
    output: /nfs/turbo/dcmb-class/bioinf593/groups/group_05/raw/eh/HG03486.json, /nfs/turbo/dcmb-class/bioinf593/groups/group_05/raw/eh/HG03486.vcf, /nfs/turbo/dcmb-class/bioinf593/groups/group_05/raw/eh/HG03486_realigned.bam
    jobid: 40
    reason: Missing output files: /nfs/turbo/dcmb-class/bioinf593/groups/group_05/raw/eh/HG03486.json, /nfs/turbo/dcmb-class/bioinf593/groups/group_05/raw/eh/HG03486.vcf, /nfs/turbo/dcmb-class/bioinf593/groups/group_05/raw/eh/HG03486_realigned.bam
    wildcards: sample=HG03486
    threads: 16
    resources: tmpdir=/tmp, mem_mb=16000, mem_mib=15259


[Thu Nov  2 16:27:15 2023]
rule call_eh:
    input: /nfs/turbo/dcmb-class/bioinf593/groups/group_05/raw/short/HG01258.short.cram
    output: /nfs/turbo/dcmb-class/bioinf593/groups/group_05/raw/eh/HG01258.json, /nfs/turbo/dcmb-class/bioinf593/groups/group_05/raw/eh/HG01258.vcf, /nfs/turbo/dcmb-class/bioinf593/groups/group_05/raw/eh/HG01258_realigned.bam
    jobid: 9
    reason: Missing output files: /nfs/turbo/dcmb-class/bioinf593/groups/group_05/raw/eh/HG01258.json, /nfs/turbo/dcmb-class/bioinf593/groups/group_05/raw/eh/HG01258_realigned.bam, /nfs/turbo/dcmb-class/bioinf593/groups/group_05/raw/eh/HG01258.vcf
    wildcards: sample=HG01258
    threads: 16
    resources: tmpdir=/tmp, mem_mb=16000, mem_mib=15259

[Thu Nov  2 16:57:38 2023]
Error in rule call_eh:
    jobid: 40
    input: /nfs/turbo/dcmb-class/bioinf593/groups/group_05/raw/short/HG03486.short.cram
    output: /nfs/turbo/dcmb-class/bioinf593/groups/group_05/raw/eh/HG03486.json, /nfs/turbo/dcmb-class/bioinf593/groups/group_05/raw/eh/HG03486.vcf, /nfs/turbo/dcmb-class/bioinf593/groups/group_05/raw/eh/HG03486_realigned.bam
    shell:
        
        /nfs/turbo/dcmb-class/bioinf593/groups/group_05/software/ExpansionHunter-v5.0.0-linux_x86_64/bin/ExpansionHunter --reads /nfs/turbo/dcmb-class/bioinf593/groups/group_05/raw/short/HG03486.short.cram                 --reference /nfs/turbo/dcmb-class/bioinf593/groups/group_05/refs/GRCh38_full_analysis_set_plus_decoy_hla.fa                 --variant-catalog /nfs/turbo/dcmb-class/bioinf593/groups/group_05/refs/variant_catalog.json                 --output-prefix /nfs/turbo/dcmb-class/bioinf593/groups/group_05/raw/eh/HG03486                 --analysis-mode streaming                 --threads 16
        
        (one of the commands exited with non-zero exit code; note that snakemake uses bash strict mode!)

Removing output files of failed job call_eh since they might be corrupted:
/nfs/turbo/dcmb-class/bioinf593/groups/group_05/raw/eh/HG03486_realigned.bam
[Thu Nov  2 17:01:22 2023]
Finished job 9.
1 of 82 steps (1%) done
Shutting down, this might take some time.
Exiting because a job execution failed. Look above for error message
Complete log: .snakemake/log/2023-11-02T162707.221815.snakemake.log
