Building DAG of jobs...
Using shell: /usr/bin/bash
Provided cores: 1 (use --cores to define parallelism)
Rules claiming more threads will be scaled down.
Provided resources: mem_mb=32000
Job stats:
job          count
---------  -------
all              1
call_trgt        1
total            2

Select jobs to execute...

[Sun Nov  5 11:12:47 2023]
rule call_trgt:
    input: /nfs/turbo/dcmb-class/bioinf593/groups/group_05/raw/hifi/HG00438.hifi.bam
    output: /nfs/turbo/dcmb-class/bioinf593/groups/group_05/output/trgt/HG00438.hifi.sorted.vcf.gz
    jobid: 1
    reason: Missing output files: /nfs/turbo/dcmb-class/bioinf593/groups/group_05/output/trgt/HG00438.hifi.sorted.vcf.gz
    wildcards: sample=HG00438
    resources: tmpdir=/tmp, mem_mb=32000, mem_mib=30518

[Sun Nov  5 11:13:18 2023]
Error in rule call_trgt:
    jobid: 1
    input: /nfs/turbo/dcmb-class/bioinf593/groups/group_05/raw/hifi/HG00438.hifi.bam
    output: /nfs/turbo/dcmb-class/bioinf593/groups/group_05/output/trgt/HG00438.hifi.sorted.vcf.gz
    shell:
        
        /nfs/turbo/dcmb-class/bioinf593/groups/group_05/software/trgt --genome /nfs/turbo/dcmb-class/bioinf593/groups/group_05/refs/GRCh38_full_analysis_set_plus_decoy_hla.fa             --repeats /nfs/turbo/dcmb-class/bioinf593/groups/group_05/refs/repeat_catalog.hg38.bed             --reads /nfs/turbo/dcmb-class/bioinf593/groups/group_05/raw/hifi/HG00438.hifi.bam             --output-prefix /nfs/turbo/dcmb-class/bioinf593/groups/group_05/output/trgt/HG00438.hifi.sorted.vcf.gz             --threads 1
        
        (one of the commands exited with non-zero exit code; note that snakemake uses bash strict mode!)

Shutting down, this might take some time.
Exiting because a job execution failed. Look above for error message
Complete log: .snakemake/log/2023-11-05T111247.301870.snakemake.log
