Building DAG of jobs...
Using shell: /usr/bin/bash
Provided cores: 1 (use --cores to define parallelism)
Rules claiming more threads will be scaled down.
Job stats:
job               count
--------------  -------
all                   1
download_short       44
total                45

Select jobs to execute...

[Wed Nov  1 11:43:50 2023]
rule download_short:
    output: /nfs/turbo/dcmb-class/bioinf593/groups/group_05/raw/short/HG01175.short.cram
    jobid: 8
    reason: Forced execution
    wildcards: sample=HG01175, ext=.cram
    resources: tmpdir=/tmp, mem_mb=1000, mem_mib=954

[Wed Nov  1 11:46:45 2023]
Finished job 8.
1 of 45 steps (2%) done
Select jobs to execute...

[Wed Nov  1 11:46:45 2023]
rule download_short:
    output: /nfs/turbo/dcmb-class/bioinf593/groups/group_05/raw/short/HG03453.short.cram
    jobid: 23
    reason: Missing output files: /nfs/turbo/dcmb-class/bioinf593/groups/group_05/raw/short/HG03453.short.cram
    wildcards: sample=HG03453, ext=.cram
    resources: tmpdir=/tmp, mem_mb=1000, mem_mib=954

[Wed Nov  1 11:50:01 2023]
Finished job 23.
2 of 45 steps (4%) done
Select jobs to execute...

[Wed Nov  1 11:50:02 2023]
rule download_short:
    output: /nfs/turbo/dcmb-class/bioinf593/groups/group_05/raw/short/HG02572.short.cram
    jobid: 18
    reason: Missing output files: /nfs/turbo/dcmb-class/bioinf593/groups/group_05/raw/short/HG02572.short.cram
    wildcards: sample=HG02572, ext=.cram
    resources: tmpdir=/tmp, mem_mb=1000, mem_mib=954

[Wed Nov  1 11:53:51 2023]
Finished job 18.
3 of 45 steps (7%) done
Select jobs to execute...

[Wed Nov  1 11:53:51 2023]
rule download_short:
    output: /nfs/turbo/dcmb-class/bioinf593/groups/group_05/raw/short/HG01109.short.cram
    jobid: 28
    reason: Missing output files: /nfs/turbo/dcmb-class/bioinf593/groups/group_05/raw/short/HG01109.short.cram
    wildcards: sample=HG01109, ext=.cram
    resources: tmpdir=/tmp, mem_mb=1000, mem_mib=954

[Wed Nov  1 11:57:02 2023]
Finished job 28.
4 of 45 steps (9%) done
Select jobs to execute...

[Wed Nov  1 11:57:02 2023]
rule download_short:
    output: /nfs/turbo/dcmb-class/bioinf593/groups/group_05/raw/short/HG00673.short.cram
    jobid: 3
    reason: Missing output files: /nfs/turbo/dcmb-class/bioinf593/groups/group_05/raw/short/HG00673.short.cram
    wildcards: sample=HG00673, ext=.cram
    resources: tmpdir=/tmp, mem_mb=1000, mem_mib=954

[Wed Nov  1 12:00:02 2023]
Finished job 3.
5 of 45 steps (11%) done
Select jobs to execute...

[Wed Nov  1 12:00:02 2023]
rule download_short:
    output: /nfs/turbo/dcmb-class/bioinf593/groups/group_05/raw/short/HG02723.short.cram
    jobid: 33
    reason: Missing output files: /nfs/turbo/dcmb-class/bioinf593/groups/group_05/raw/short/HG02723.short.cram
    wildcards: sample=HG02723, ext=.cram
    resources: tmpdir=/tmp, mem_mb=1000, mem_mib=954

[Wed Nov  1 12:03:10 2023]
Finished job 33.
6 of 45 steps (13%) done
Select jobs to execute...

[Wed Nov  1 12:03:10 2023]
rule download_short:
    output: /nfs/turbo/dcmb-class/bioinf593/groups/group_05/raw/short/HG01928.short.cram
    jobid: 13
    reason: Missing output files: /nfs/turbo/dcmb-class/bioinf593/groups/group_05/raw/short/HG01928.short.cram
    wildcards: sample=HG01928, ext=.cram
    resources: tmpdir=/tmp, mem_mb=1000, mem_mib=954

Terminating processes on user request, this might take some time.
[Wed Nov  1 12:03:14 2023]
Error in rule download_short:
    jobid: 13
    output: /nfs/turbo/dcmb-class/bioinf593/groups/group_05/raw/short/HG01928.short.cram
    shell:
        
            # if url is not s3 use wget
            mkdir -p raw_data/short_reads
            wget -O "/nfs/turbo/dcmb-class/bioinf593/groups/group_05/raw/short/HG01928.short.cram" https://ftp-trace.ncbi.nlm.nih.gov//1000genomes/ftp/1000G_2504_high_coverage/additional_698_related/data//ERR3988951/HG01928.final.cram
            
        (one of the commands exited with non-zero exit code; note that snakemake uses bash strict mode!)

Complete log: .snakemake/log/2023-11-01T114349.720408.snakemake.log
