Building DAG of jobs...
Using shell: /usr/bin/bash
Provided cores: 32
Rules claiming more threads will be scaled down.
Job stats:
job            count
-----------  -------
all                1
call_eh           41
subset_json       41
total             83

Select jobs to execute...

[Thu Nov  2 14:05:20 2023]
rule call_eh:
    input: /nfs/turbo/dcmb-class/bioinf593/groups/group_05/raw/short/HG01952.short.cram
    output: /nfs/turbo/dcmb-class/bioinf593/groups/group_05/raw/eh/HG01952.json, /nfs/turbo/dcmb-class/bioinf593/groups/group_05/raw/eh/HG01952.vcf, /nfs/turbo/dcmb-class/bioinf593/groups/group_05/raw/eh/HG01952_realigned.bam
    jobid: 14
    reason: Missing output files: /nfs/turbo/dcmb-class/bioinf593/groups/group_05/raw/eh/HG01952.json, /nfs/turbo/dcmb-class/bioinf593/groups/group_05/raw/eh/HG01952.vcf, /nfs/turbo/dcmb-class/bioinf593/groups/group_05/raw/eh/HG01952_realigned.bam
    wildcards: sample=HG01952
    threads: 16
    resources: tmpdir=/tmp, mem_mb=16000, mem_mib=15259


[Thu Nov  2 14:05:21 2023]
rule call_eh:
    input: /nfs/turbo/dcmb-class/bioinf593/groups/group_05/raw/short/HG01978.short.cram
    output: /nfs/turbo/dcmb-class/bioinf593/groups/group_05/raw/eh/HG01978.json, /nfs/turbo/dcmb-class/bioinf593/groups/group_05/raw/eh/HG01978.vcf, /nfs/turbo/dcmb-class/bioinf593/groups/group_05/raw/eh/HG01978_realigned.bam
    jobid: 15
    reason: Missing output files: /nfs/turbo/dcmb-class/bioinf593/groups/group_05/raw/eh/HG01978_realigned.bam, /nfs/turbo/dcmb-class/bioinf593/groups/group_05/raw/eh/HG01978.vcf, /nfs/turbo/dcmb-class/bioinf593/groups/group_05/raw/eh/HG01978.json
    wildcards: sample=HG01978
    threads: 16
    resources: tmpdir=/tmp, mem_mb=16000, mem_mib=15259

Terminating processes on user request, this might take some time.
[Thu Nov  2 14:05:22 2023]
Error in rule call_eh:
    jobid: 14
    input: /nfs/turbo/dcmb-class/bioinf593/groups/group_05/raw/short/HG01952.short.cram
    output: /nfs/turbo/dcmb-class/bioinf593/groups/group_05/raw/eh/HG01952.json, /nfs/turbo/dcmb-class/bioinf593/groups/group_05/raw/eh/HG01952.vcf, /nfs/turbo/dcmb-class/bioinf593/groups/group_05/raw/eh/HG01952_realigned.bam
    shell:
        
        /nfs/turbo/dcmb-class/bioinf593/groups/group_05/software/ExpansionHunter-v5.0.0-linux_x86_64/bin/ExpansionHunter --reads /nfs/turbo/dcmb-class/bioinf593/groups/group_05/raw/short/HG01952.short.cram                 --reference /nfs/turbo/dcmb-class/bioinf593/groups/group_05/refs/GRCh38_full_analysis_set_plus_decoy_hla.fa                 --variant-catalog /nfs/turbo/dcmb-class/bioinf593/groups/group_05/refs/variant_catalog.json                 --output-prefix /nfs/turbo/dcmb-class/bioinf593/groups/group_05/raw/eh/HG01952                 --analysis-mode streaming                 --threads 16
        
        (one of the commands exited with non-zero exit code; note that snakemake uses bash strict mode!)

[Thu Nov  2 14:05:22 2023]
Error in rule call_eh:
    jobid: 15
    input: /nfs/turbo/dcmb-class/bioinf593/groups/group_05/raw/short/HG01978.short.cram
    output: /nfs/turbo/dcmb-class/bioinf593/groups/group_05/raw/eh/HG01978.json, /nfs/turbo/dcmb-class/bioinf593/groups/group_05/raw/eh/HG01978.vcf, /nfs/turbo/dcmb-class/bioinf593/groups/group_05/raw/eh/HG01978_realigned.bam
    shell:
        
        /nfs/turbo/dcmb-class/bioinf593/groups/group_05/software/ExpansionHunter-v5.0.0-linux_x86_64/bin/ExpansionHunter --reads /nfs/turbo/dcmb-class/bioinf593/groups/group_05/raw/short/HG01978.short.cram                 --reference /nfs/turbo/dcmb-class/bioinf593/groups/group_05/refs/GRCh38_full_analysis_set_plus_decoy_hla.fa                 --variant-catalog /nfs/turbo/dcmb-class/bioinf593/groups/group_05/refs/variant_catalog.json                 --output-prefix /nfs/turbo/dcmb-class/bioinf593/groups/group_05/raw/eh/HG01978                 --analysis-mode streaming                 --threads 16
        
        (one of the commands exited with non-zero exit code; note that snakemake uses bash strict mode!)

Complete log: .snakemake/log/2023-11-02T140519.747983.snakemake.log
