Building DAG of jobs...
Using shell: /usr/bin/bash
Provided cores: 11
Rules claiming more threads will be scaled down.
Job stats:
job           count
----------  -------
all               1
get_pileup       41
total            42

Select jobs to execute...

[Wed Nov  1 16:45:38 2023]
rule get_pileup:
    input: /nfs/turbo/dcmb-class/bioinf593/groups/group_05/raw/short/HG01978.short.cram
    output: /nfs/turbo/dcmb-class/bioinf593/groups/group_05/raw/pileup/HG01978.pileup
    jobid: 15
    reason: Forced execution
    wildcards: sample=HG01978
    resources: tmpdir=/tmp, mem_mb=4000, mem_mib=3815


[Wed Nov  1 16:45:41 2023]
rule get_pileup:
    input: /nfs/turbo/dcmb-class/bioinf593/groups/group_05/raw/short/HG00438.short.cram
    output: /nfs/turbo/dcmb-class/bioinf593/groups/group_05/raw/pileup/HG00438.pileup
    jobid: 1
    reason: Missing output files: /nfs/turbo/dcmb-class/bioinf593/groups/group_05/raw/pileup/HG00438.pileup
    wildcards: sample=HG00438
    resources: tmpdir=/tmp, mem_mb=4000, mem_mib=3815


[Wed Nov  1 16:45:41 2023]
rule get_pileup:
    input: /nfs/turbo/dcmb-class/bioinf593/groups/group_05/raw/short/HG01243.short.cram
    output: /nfs/turbo/dcmb-class/bioinf593/groups/group_05/raw/pileup/HG01243.pileup
    jobid: 29
    reason: Forced execution
    wildcards: sample=HG01243
    resources: tmpdir=/tmp, mem_mb=4000, mem_mib=3815


[Wed Nov  1 16:45:41 2023]
rule get_pileup:
    input: /nfs/turbo/dcmb-class/bioinf593/groups/group_05/raw/short/HG01358.short.cram
    output: /nfs/turbo/dcmb-class/bioinf593/groups/group_05/raw/pileup/HG01358.pileup
    jobid: 10
    reason: Forced execution
    wildcards: sample=HG01358
    resources: tmpdir=/tmp, mem_mb=4000, mem_mib=3815


[Wed Nov  1 16:45:41 2023]
rule get_pileup:
    input: /nfs/turbo/dcmb-class/bioinf593/groups/group_05/raw/short/HG01952.short.cram
    output: /nfs/turbo/dcmb-class/bioinf593/groups/group_05/raw/pileup/HG01952.pileup
    jobid: 14
    reason: Forced execution
    wildcards: sample=HG01952
    resources: tmpdir=/tmp, mem_mb=4000, mem_mib=3815


[Wed Nov  1 16:45:41 2023]
rule get_pileup:
    input: /nfs/turbo/dcmb-class/bioinf593/groups/group_05/raw/short/HG02257.short.cram
    output: /nfs/turbo/dcmb-class/bioinf593/groups/group_05/raw/pileup/HG02257.pileup
    jobid: 17
    reason: Forced execution
    wildcards: sample=HG02257
    resources: tmpdir=/tmp, mem_mb=4000, mem_mib=3815


[Wed Nov  1 16:45:41 2023]
rule get_pileup:
    input: /nfs/turbo/dcmb-class/bioinf593/groups/group_05/raw/short/HG02145.short.cram
    output: /nfs/turbo/dcmb-class/bioinf593/groups/group_05/raw/pileup/HG02145.pileup
    jobid: 32
    reason: Forced execution
    wildcards: sample=HG02145
    resources: tmpdir=/tmp, mem_mb=4000, mem_mib=3815


[Wed Nov  1 16:45:41 2023]
rule get_pileup:
    input: /nfs/turbo/dcmb-class/bioinf593/groups/group_05/raw/short/HG01928.short.cram
    output: /nfs/turbo/dcmb-class/bioinf593/groups/group_05/raw/pileup/HG01928.pileup
    jobid: 13
    reason: Forced execution
    wildcards: sample=HG01928
    resources: tmpdir=/tmp, mem_mb=4000, mem_mib=3815


[Wed Nov  1 16:45:41 2023]
rule get_pileup:
    input: /nfs/turbo/dcmb-class/bioinf593/groups/group_05/raw/short/HG02148.short.cram
    output: /nfs/turbo/dcmb-class/bioinf593/groups/group_05/raw/pileup/HG02148.pileup
    jobid: 16
    reason: Forced execution
    wildcards: sample=HG02148
    resources: tmpdir=/tmp, mem_mb=4000, mem_mib=3815


[Wed Nov  1 16:45:41 2023]
rule get_pileup:
    input: /nfs/turbo/dcmb-class/bioinf593/groups/group_05/raw/short/HG02080.short.cram
    output: /nfs/turbo/dcmb-class/bioinf593/groups/group_05/raw/pileup/HG02080.pileup
    jobid: 31
    reason: Forced execution
    wildcards: sample=HG02080
    resources: tmpdir=/tmp, mem_mb=4000, mem_mib=3815


[Wed Nov  1 16:45:41 2023]
rule get_pileup:
    input: /nfs/turbo/dcmb-class/bioinf593/groups/group_05/raw/short/HG02055.short.cram
    output: /nfs/turbo/dcmb-class/bioinf593/groups/group_05/raw/pileup/HG02055.pileup
    jobid: 30
    reason: Forced execution
    wildcards: sample=HG02055
    resources: tmpdir=/tmp, mem_mb=4000, mem_mib=3815

Terminating processes on user request, this might take some time.
[Wed Nov  1 19:30:03 2023]
[Wed Nov  1 19:30:03 2023]
[Wed Nov  1 19:30:03 2023]
[Wed Nov  1 19:30:03 2023]
[Wed Nov  1 19:30:03 2023]
Error in rule get_pileup:
    jobid: 10
    input: /nfs/turbo/dcmb-class/bioinf593/groups/group_05/raw/short/HG01358.short.cram
    output: /nfs/turbo/dcmb-class/bioinf593/groups/group_05/raw/pileup/HG01358.pileup
    shell:
        samtools mpileup -f /nfs/turbo/dcmb-class/bioinf593/groups/group_05/refs/GRCh38_full_analysis_set_plus_decoy_hla.fa -l /nfs/turbo/dcmb-class/bioinf593/groups/group_05/refs/slopped.bed /nfs/turbo/dcmb-class/bioinf593/groups/group_05/raw/short/HG01358.short.cram > /nfs/turbo/dcmb-class/bioinf593/groups/group_05/raw/pileup/HG01358.pileup
        (one of the commands exited with non-zero exit code; note that snakemake uses bash strict mode!)

Error in rule get_pileup:
    jobid: 1
    input: /nfs/turbo/dcmb-class/bioinf593/groups/group_05/raw/short/HG00438.short.cram
    output: /nfs/turbo/dcmb-class/bioinf593/groups/group_05/raw/pileup/HG00438.pileup
    shell:
        samtools mpileup -f /nfs/turbo/dcmb-class/bioinf593/groups/group_05/refs/GRCh38_full_analysis_set_plus_decoy_hla.fa -l /nfs/turbo/dcmb-class/bioinf593/groups/group_05/refs/slopped.bed /nfs/turbo/dcmb-class/bioinf593/groups/group_05/raw/short/HG00438.short.cram > /nfs/turbo/dcmb-class/bioinf593/groups/group_05/raw/pileup/HG00438.pileup
        (one of the commands exited with non-zero exit code; note that snakemake uses bash strict mode!)

[Wed Nov  1 19:30:03 2023]
[Wed Nov  1 19:30:03 2023]
Error in rule get_pileup:
    jobid: 16
    input: /nfs/turbo/dcmb-class/bioinf593/groups/group_05/raw/short/HG02148.short.cram
    output: /nfs/turbo/dcmb-class/bioinf593/groups/group_05/raw/pileup/HG02148.pileup
    shell:
        samtools mpileup -f /nfs/turbo/dcmb-class/bioinf593/groups/group_05/refs/GRCh38_full_analysis_set_plus_decoy_hla.fa -l /nfs/turbo/dcmb-class/bioinf593/groups/group_05/refs/slopped.bed /nfs/turbo/dcmb-class/bioinf593/groups/group_05/raw/short/HG02148.short.cram > /nfs/turbo/dcmb-class/bioinf593/groups/group_05/raw/pileup/HG02148.pileup
        (one of the commands exited with non-zero exit code; note that snakemake uses bash strict mode!)

[Wed Nov  1 19:30:03 2023]
Error in rule get_pileup:
    jobid: 31
    input: /nfs/turbo/dcmb-class/bioinf593/groups/group_05/raw/short/HG02080.short.cram
    output: /nfs/turbo/dcmb-class/bioinf593/groups/group_05/raw/pileup/HG02080.pileup
    shell:
        samtools mpileup -f /nfs/turbo/dcmb-class/bioinf593/groups/group_05/refs/GRCh38_full_analysis_set_plus_decoy_hla.fa -l /nfs/turbo/dcmb-class/bioinf593/groups/group_05/refs/slopped.bed /nfs/turbo/dcmb-class/bioinf593/groups/group_05/raw/short/HG02080.short.cram > /nfs/turbo/dcmb-class/bioinf593/groups/group_05/raw/pileup/HG02080.pileup
        (one of the commands exited with non-zero exit code; note that snakemake uses bash strict mode!)

Error in rule get_pileup:
    jobid: 30
    input: /nfs/turbo/dcmb-class/bioinf593/groups/group_05/raw/short/HG02055.short.cram
    output: /nfs/turbo/dcmb-class/bioinf593/groups/group_05/raw/pileup/HG02055.pileup
    shell:
        samtools mpileup -f /nfs/turbo/dcmb-class/bioinf593/groups/group_05/refs/GRCh38_full_analysis_set_plus_decoy_hla.fa -l /nfs/turbo/dcmb-class/bioinf593/groups/group_05/refs/slopped.bed /nfs/turbo/dcmb-class/bioinf593/groups/group_05/raw/short/HG02055.short.cram > /nfs/turbo/dcmb-class/bioinf593/groups/group_05/raw/pileup/HG02055.pileup
        (one of the commands exited with non-zero exit code; note that snakemake uses bash strict mode!)

Error in rule get_pileup:
    jobid: 13
    input: /nfs/turbo/dcmb-class/bioinf593/groups/group_05/raw/short/HG01928.short.cram
    output: /nfs/turbo/dcmb-class/bioinf593/groups/group_05/raw/pileup/HG01928.pileup
    shell:
        samtools mpileup -f /nfs/turbo/dcmb-class/bioinf593/groups/group_05/refs/GRCh38_full_analysis_set_plus_decoy_hla.fa -l /nfs/turbo/dcmb-class/bioinf593/groups/group_05/refs/slopped.bed /nfs/turbo/dcmb-class/bioinf593/groups/group_05/raw/short/HG01928.short.cram > /nfs/turbo/dcmb-class/bioinf593/groups/group_05/raw/pileup/HG01928.pileup
        (one of the commands exited with non-zero exit code; note that snakemake uses bash strict mode!)

Error in rule get_pileup:
    jobid: 32
    input: /nfs/turbo/dcmb-class/bioinf593/groups/group_05/raw/short/HG02145.short.cram
    output: /nfs/turbo/dcmb-class/bioinf593/groups/group_05/raw/pileup/HG02145.pileup
    shell:
        samtools mpileup -f /nfs/turbo/dcmb-class/bioinf593/groups/group_05/refs/GRCh38_full_analysis_set_plus_decoy_hla.fa -l /nfs/turbo/dcmb-class/bioinf593/groups/group_05/refs/slopped.bed /nfs/turbo/dcmb-class/bioinf593/groups/group_05/raw/short/HG02145.short.cram > /nfs/turbo/dcmb-class/bioinf593/groups/group_05/raw/pileup/HG02145.pileup
        (one of the commands exited with non-zero exit code; note that snakemake uses bash strict mode!)

Error in rule get_pileup:
    jobid: 14
    input: /nfs/turbo/dcmb-class/bioinf593/groups/group_05/raw/short/HG01952.short.cram
    output: /nfs/turbo/dcmb-class/bioinf593/groups/group_05/raw/pileup/HG01952.pileup
    shell:
        samtools mpileup -f /nfs/turbo/dcmb-class/bioinf593/groups/group_05/refs/GRCh38_full_analysis_set_plus_decoy_hla.fa -l /nfs/turbo/dcmb-class/bioinf593/groups/group_05/refs/slopped.bed /nfs/turbo/dcmb-class/bioinf593/groups/group_05/raw/short/HG01952.short.cram > /nfs/turbo/dcmb-class/bioinf593/groups/group_05/raw/pileup/HG01952.pileup
        (one of the commands exited with non-zero exit code; note that snakemake uses bash strict mode!)

[Wed Nov  1 19:30:03 2023]
Error in rule get_pileup:
    jobid: 29
    input: /nfs/turbo/dcmb-class/bioinf593/groups/group_05/raw/short/HG01243.short.cram
    output: /nfs/turbo/dcmb-class/bioinf593/groups/group_05/raw/pileup/HG01243.pileup
    shell:
        samtools mpileup -f /nfs/turbo/dcmb-class/bioinf593/groups/group_05/refs/GRCh38_full_analysis_set_plus_decoy_hla.fa -l /nfs/turbo/dcmb-class/bioinf593/groups/group_05/refs/slopped.bed /nfs/turbo/dcmb-class/bioinf593/groups/group_05/raw/short/HG01243.short.cram > /nfs/turbo/dcmb-class/bioinf593/groups/group_05/raw/pileup/HG01243.pileup
        (one of the commands exited with non-zero exit code; note that snakemake uses bash strict mode!)

[Wed Nov  1 19:30:03 2023]
Error in rule get_pileup:
    jobid: 17
    input: /nfs/turbo/dcmb-class/bioinf593/groups/group_05/raw/short/HG02257.short.cram
    output: /nfs/turbo/dcmb-class/bioinf593/groups/group_05/raw/pileup/HG02257.pileup
    shell:
        samtools mpileup -f /nfs/turbo/dcmb-class/bioinf593/groups/group_05/refs/GRCh38_full_analysis_set_plus_decoy_hla.fa -l /nfs/turbo/dcmb-class/bioinf593/groups/group_05/refs/slopped.bed /nfs/turbo/dcmb-class/bioinf593/groups/group_05/raw/short/HG02257.short.cram > /nfs/turbo/dcmb-class/bioinf593/groups/group_05/raw/pileup/HG02257.pileup
        (one of the commands exited with non-zero exit code; note that snakemake uses bash strict mode!)

[Wed Nov  1 19:30:03 2023]
Error in rule get_pileup:
    jobid: 15
    input: /nfs/turbo/dcmb-class/bioinf593/groups/group_05/raw/short/HG01978.short.cram
    output: /nfs/turbo/dcmb-class/bioinf593/groups/group_05/raw/pileup/HG01978.pileup
    shell:
        samtools mpileup -f /nfs/turbo/dcmb-class/bioinf593/groups/group_05/refs/GRCh38_full_analysis_set_plus_decoy_hla.fa -l /nfs/turbo/dcmb-class/bioinf593/groups/group_05/refs/slopped.bed /nfs/turbo/dcmb-class/bioinf593/groups/group_05/raw/short/HG01978.short.cram > /nfs/turbo/dcmb-class/bioinf593/groups/group_05/raw/pileup/HG01978.pileup
        (one of the commands exited with non-zero exit code; note that snakemake uses bash strict mode!)

Cancelling snakemake on user request.
