Building DAG of jobs...
Using shell: /usr/bin/bash
Provided cores: 1 (use --cores to define parallelism)
Rules claiming more threads will be scaled down.
Job stats:
job               count
--------------  -------
all                   1
download_short       44
total                45

Select jobs to execute...

[Wed Nov  1 11:42:17 2023]
rule download_short:
    output: /nfs/turbo/dcmb-class/bioinf593/groups/group_05/raw/short/HG01175.short.cram
    jobid: 8
    reason: Missing output files: /nfs/turbo/dcmb-class/bioinf593/groups/group_05/raw/short/HG01175.short.cram
    wildcards: sample=HG01175, ext=.cram
    resources: tmpdir=/tmp, mem_mb=1000, mem_mib=954

Terminating processes on user request, this might take some time.
Cancelling snakemake on user request.
