Building DAG of jobs...
Using shell: /usr/bin/bash
Provided cores: 1 (use --cores to define parallelism)
Rules claiming more threads will be scaled down.
Job stats:
job           count
----------  -------
all               1
cut_pileup       41
total            42

Select jobs to execute...

[Sun Nov  5 11:52:32 2023]
rule cut_pileup:
    input: /nfs/turbo/dcmb-class/bioinf593/groups/group_05/raw/pileup/HG00673.pileup
    output: /nfs/turbo/dcmb-class/bioinf593/groups/group_05/raw/pileup/HG00673.cut.pileup
    jobid: 3
    reason: Missing output files: /nfs/turbo/dcmb-class/bioinf593/groups/group_05/raw/pileup/HG00673.cut.pileup
    wildcards: sample=HG00673
    resources: tmpdir=/tmp, mem_mb=2000, mem_mib=1908

[Sun Nov  5 11:59:33 2023]
Finished job 3.
1 of 42 steps (2%) done
Select jobs to execute...

[Sun Nov  5 11:59:33 2023]
rule cut_pileup:
    input: /nfs/turbo/dcmb-class/bioinf593/groups/group_05/raw/pileup/HG03098.pileup
    output: /nfs/turbo/dcmb-class/bioinf593/groups/group_05/raw/pileup/HG03098.cut.pileup
    jobid: 41
    reason: Missing output files: /nfs/turbo/dcmb-class/bioinf593/groups/group_05/raw/pileup/HG03098.cut.pileup
    wildcards: sample=HG03098
    resources: tmpdir=/tmp, mem_mb=2000, mem_mib=1908

[Sun Nov  5 12:06:52 2023]
Finished job 41.
2 of 42 steps (5%) done
Select jobs to execute...

[Sun Nov  5 12:06:52 2023]
rule cut_pileup:
    input: /nfs/turbo/dcmb-class/bioinf593/groups/group_05/raw/pileup/HG02723.pileup
    output: /nfs/turbo/dcmb-class/bioinf593/groups/group_05/raw/pileup/HG02723.cut.pileup
    jobid: 33
    reason: Missing output files: /nfs/turbo/dcmb-class/bioinf593/groups/group_05/raw/pileup/HG02723.cut.pileup
    wildcards: sample=HG02723
    resources: tmpdir=/tmp, mem_mb=2000, mem_mib=1908

[Sun Nov  5 12:13:50 2023]
Finished job 33.
3 of 42 steps (7%) done
Select jobs to execute...

[Sun Nov  5 12:13:50 2023]
rule cut_pileup:
    input: /nfs/turbo/dcmb-class/bioinf593/groups/group_05/raw/pileup/HG01361.pileup
    output: /nfs/turbo/dcmb-class/bioinf593/groups/group_05/raw/pileup/HG01361.cut.pileup
    jobid: 11
    reason: Missing output files: /nfs/turbo/dcmb-class/bioinf593/groups/group_05/raw/pileup/HG01361.cut.pileup
    wildcards: sample=HG01361
    resources: tmpdir=/tmp, mem_mb=2000, mem_mib=1908

[Sun Nov  5 12:20:29 2023]
Finished job 11.
4 of 42 steps (10%) done
Select jobs to execute...

[Sun Nov  5 12:20:29 2023]
rule cut_pileup:
    input: /nfs/turbo/dcmb-class/bioinf593/groups/group_05/raw/pileup/HG02572.pileup
    output: /nfs/turbo/dcmb-class/bioinf593/groups/group_05/raw/pileup/HG02572.cut.pileup
    jobid: 18
    reason: Missing output files: /nfs/turbo/dcmb-class/bioinf593/groups/group_05/raw/pileup/HG02572.cut.pileup
    wildcards: sample=HG02572
    resources: tmpdir=/tmp, mem_mb=2000, mem_mib=1908

[Sun Nov  5 12:26:57 2023]
Finished job 18.
5 of 42 steps (12%) done
Select jobs to execute...

[Sun Nov  5 12:26:57 2023]
rule cut_pileup:
    input: /nfs/turbo/dcmb-class/bioinf593/groups/group_05/raw/pileup/HG03579.pileup
    output: /nfs/turbo/dcmb-class/bioinf593/groups/group_05/raw/pileup/HG03579.cut.pileup
    jobid: 26
    reason: Missing output files: /nfs/turbo/dcmb-class/bioinf593/groups/group_05/raw/pileup/HG03579.cut.pileup
    wildcards: sample=HG03579
    resources: tmpdir=/tmp, mem_mb=2000, mem_mib=1908

[Sun Nov  5 12:33:09 2023]
Finished job 26.
6 of 42 steps (14%) done
Select jobs to execute...

[Sun Nov  5 12:33:09 2023]
rule cut_pileup:
    input: /nfs/turbo/dcmb-class/bioinf593/groups/group_05/raw/pileup/HG03540.pileup
    output: /nfs/turbo/dcmb-class/bioinf593/groups/group_05/raw/pileup/HG03540.cut.pileup
    jobid: 25
    reason: Missing output files: /nfs/turbo/dcmb-class/bioinf593/groups/group_05/raw/pileup/HG03540.cut.pileup
    wildcards: sample=HG03540
    resources: tmpdir=/tmp, mem_mb=2000, mem_mib=1908

[Sun Nov  5 12:39:26 2023]
Finished job 25.
7 of 42 steps (17%) done
Select jobs to execute...

[Sun Nov  5 12:39:26 2023]
rule cut_pileup:
    input: /nfs/turbo/dcmb-class/bioinf593/groups/group_05/raw/pileup/HG02622.pileup
    output: /nfs/turbo/dcmb-class/bioinf593/groups/group_05/raw/pileup/HG02622.cut.pileup
    jobid: 19
    reason: Missing output files: /nfs/turbo/dcmb-class/bioinf593/groups/group_05/raw/pileup/HG02622.cut.pileup
    wildcards: sample=HG02622
    resources: tmpdir=/tmp, mem_mb=2000, mem_mib=1908

[Sun Nov  5 12:46:22 2023]
Finished job 19.
8 of 42 steps (19%) done
Select jobs to execute...

[Sun Nov  5 12:46:22 2023]
rule cut_pileup:
    input: /nfs/turbo/dcmb-class/bioinf593/groups/group_05/raw/pileup/HG01358.pileup
    output: /nfs/turbo/dcmb-class/bioinf593/groups/group_05/raw/pileup/HG01358.cut.pileup
    jobid: 10
    reason: Missing output files: /nfs/turbo/dcmb-class/bioinf593/groups/group_05/raw/pileup/HG01358.cut.pileup
    wildcards: sample=HG01358
    resources: tmpdir=/tmp, mem_mb=2000, mem_mib=1908

[Sun Nov  5 12:53:55 2023]
Finished job 10.
9 of 42 steps (21%) done
Select jobs to execute...

[Sun Nov  5 12:53:55 2023]
rule cut_pileup:
    input: /nfs/turbo/dcmb-class/bioinf593/groups/group_05/raw/pileup/NA18906.pileup
    output: /nfs/turbo/dcmb-class/bioinf593/groups/group_05/raw/pileup/NA18906.cut.pileup
    jobid: 38
    reason: Missing output files: /nfs/turbo/dcmb-class/bioinf593/groups/group_05/raw/pileup/NA18906.cut.pileup
    wildcards: sample=NA18906
    resources: tmpdir=/tmp, mem_mb=2000, mem_mib=1908

[Sun Nov  5 13:00:33 2023]
Finished job 38.
10 of 42 steps (24%) done
Select jobs to execute...

[Sun Nov  5 13:00:33 2023]
rule cut_pileup:
    input: /nfs/turbo/dcmb-class/bioinf593/groups/group_05/raw/pileup/HG03453.pileup
    output: /nfs/turbo/dcmb-class/bioinf593/groups/group_05/raw/pileup/HG03453.cut.pileup
    jobid: 23
    reason: Missing output files: /nfs/turbo/dcmb-class/bioinf593/groups/group_05/raw/pileup/HG03453.cut.pileup
    wildcards: sample=HG03453
    resources: tmpdir=/tmp, mem_mb=2000, mem_mib=1908

[Sun Nov  5 13:07:16 2023]
Finished job 23.
11 of 42 steps (26%) done
Select jobs to execute...

[Sun Nov  5 13:07:16 2023]
rule cut_pileup:
    input: /nfs/turbo/dcmb-class/bioinf593/groups/group_05/raw/pileup/HG02055.pileup
    output: /nfs/turbo/dcmb-class/bioinf593/groups/group_05/raw/pileup/HG02055.cut.pileup
    jobid: 30
    reason: Missing output files: /nfs/turbo/dcmb-class/bioinf593/groups/group_05/raw/pileup/HG02055.cut.pileup
    wildcards: sample=HG02055
    resources: tmpdir=/tmp, mem_mb=2000, mem_mib=1908

[Sun Nov  5 13:14:11 2023]
Finished job 30.
12 of 42 steps (29%) done
Select jobs to execute...

[Sun Nov  5 13:14:11 2023]
rule cut_pileup:
    input: /nfs/turbo/dcmb-class/bioinf593/groups/group_05/raw/pileup/HG01978.pileup
    output: /nfs/turbo/dcmb-class/bioinf593/groups/group_05/raw/pileup/HG01978.cut.pileup
    jobid: 15
    reason: Missing output files: /nfs/turbo/dcmb-class/bioinf593/groups/group_05/raw/pileup/HG01978.cut.pileup
    wildcards: sample=HG01978
    resources: tmpdir=/tmp, mem_mb=2000, mem_mib=1908

[Sun Nov  5 13:21:23 2023]
Finished job 15.
13 of 42 steps (31%) done
Select jobs to execute...

[Sun Nov  5 13:21:23 2023]
rule cut_pileup:
    input: /nfs/turbo/dcmb-class/bioinf593/groups/group_05/raw/pileup/HG01106.pileup
    output: /nfs/turbo/dcmb-class/bioinf593/groups/group_05/raw/pileup/HG01106.cut.pileup
    jobid: 7
    reason: Missing output files: /nfs/turbo/dcmb-class/bioinf593/groups/group_05/raw/pileup/HG01106.cut.pileup
    wildcards: sample=HG01106
    resources: tmpdir=/tmp, mem_mb=2000, mem_mib=1908

[Sun Nov  5 13:28:11 2023]
Finished job 7.
14 of 42 steps (33%) done
Select jobs to execute...

[Sun Nov  5 13:28:11 2023]
rule cut_pileup:
    input: /nfs/turbo/dcmb-class/bioinf593/groups/group_05/raw/pileup/NA19240.pileup
    output: /nfs/turbo/dcmb-class/bioinf593/groups/group_05/raw/pileup/NA19240.cut.pileup
    jobid: 37
    reason: Missing output files: /nfs/turbo/dcmb-class/bioinf593/groups/group_05/raw/pileup/NA19240.cut.pileup
    wildcards: sample=NA19240
    resources: tmpdir=/tmp, mem_mb=2000, mem_mib=1908

[Sun Nov  5 13:34:47 2023]
Finished job 37.
15 of 42 steps (36%) done
Select jobs to execute...

[Sun Nov  5 13:34:47 2023]
rule cut_pileup:
    input: /nfs/turbo/dcmb-class/bioinf593/groups/group_05/raw/pileup/HG02886.pileup
    output: /nfs/turbo/dcmb-class/bioinf593/groups/group_05/raw/pileup/HG02886.cut.pileup
    jobid: 22
    reason: Missing output files: /nfs/turbo/dcmb-class/bioinf593/groups/group_05/raw/pileup/HG02886.cut.pileup
    wildcards: sample=HG02886
    resources: tmpdir=/tmp, mem_mb=2000, mem_mib=1908

[Sun Nov  5 13:41:05 2023]
Finished job 22.
16 of 42 steps (38%) done
Select jobs to execute...

[Sun Nov  5 13:41:05 2023]
rule cut_pileup:
    input: /nfs/turbo/dcmb-class/bioinf593/groups/group_05/raw/pileup/HG01243.pileup
    output: /nfs/turbo/dcmb-class/bioinf593/groups/group_05/raw/pileup/HG01243.cut.pileup
    jobid: 29
    reason: Missing output files: /nfs/turbo/dcmb-class/bioinf593/groups/group_05/raw/pileup/HG01243.cut.pileup
    wildcards: sample=HG01243
    resources: tmpdir=/tmp, mem_mb=2000, mem_mib=1908

[Sun Nov  5 13:47:34 2023]
Finished job 29.
17 of 42 steps (40%) done
Select jobs to execute...

[Sun Nov  5 13:47:34 2023]
rule cut_pileup:
    input: /nfs/turbo/dcmb-class/bioinf593/groups/group_05/raw/pileup/HG01952.pileup
    output: /nfs/turbo/dcmb-class/bioinf593/groups/group_05/raw/pileup/HG01952.cut.pileup
    jobid: 14
    reason: Missing output files: /nfs/turbo/dcmb-class/bioinf593/groups/group_05/raw/pileup/HG01952.cut.pileup
    wildcards: sample=HG01952
    resources: tmpdir=/tmp, mem_mb=2000, mem_mib=1908

[Sun Nov  5 13:54:55 2023]
Finished job 14.
18 of 42 steps (43%) done
Select jobs to execute...

[Sun Nov  5 13:54:55 2023]
rule cut_pileup:
    input: /nfs/turbo/dcmb-class/bioinf593/groups/group_05/raw/pileup/HG02717.pileup
    output: /nfs/turbo/dcmb-class/bioinf593/groups/group_05/raw/pileup/HG02717.cut.pileup
    jobid: 21
    reason: Missing output files: /nfs/turbo/dcmb-class/bioinf593/groups/group_05/raw/pileup/HG02717.cut.pileup
    wildcards: sample=HG02717
    resources: tmpdir=/tmp, mem_mb=2000, mem_mib=1908

[Sun Nov  5 14:02:22 2023]
Finished job 21.
19 of 42 steps (45%) done
Select jobs to execute...

[Sun Nov  5 14:02:22 2023]
rule cut_pileup:
    input: /nfs/turbo/dcmb-class/bioinf593/groups/group_05/raw/pileup/NA20129.pileup
    output: /nfs/turbo/dcmb-class/bioinf593/groups/group_05/raw/pileup/NA20129.cut.pileup
    jobid: 36
    reason: Missing output files: /nfs/turbo/dcmb-class/bioinf593/groups/group_05/raw/pileup/NA20129.cut.pileup
    wildcards: sample=NA20129
    resources: tmpdir=/tmp, mem_mb=2000, mem_mib=1908

[Sun Nov  5 14:09:09 2023]
Finished job 36.
20 of 42 steps (48%) done
Select jobs to execute...

[Sun Nov  5 14:09:09 2023]
rule cut_pileup:
    input: /nfs/turbo/dcmb-class/bioinf593/groups/group_05/raw/pileup/HG01071.pileup
    output: /nfs/turbo/dcmb-class/bioinf593/groups/group_05/raw/pileup/HG01071.cut.pileup
    jobid: 6
    reason: Missing output files: /nfs/turbo/dcmb-class/bioinf593/groups/group_05/raw/pileup/HG01071.cut.pileup
    wildcards: sample=HG01071
    resources: tmpdir=/tmp, mem_mb=2000, mem_mib=1908

[Sun Nov  5 14:19:50 2023]
Finished job 6.
21 of 42 steps (50%) done
Select jobs to execute...

[Sun Nov  5 14:19:50 2023]
rule cut_pileup:
    input: /nfs/turbo/dcmb-class/bioinf593/groups/group_05/raw/pileup/HG01928.pileup
    output: /nfs/turbo/dcmb-class/bioinf593/groups/group_05/raw/pileup/HG01928.cut.pileup
    jobid: 13
    reason: Missing output files: /nfs/turbo/dcmb-class/bioinf593/groups/group_05/raw/pileup/HG01928.cut.pileup
    wildcards: sample=HG01928
    resources: tmpdir=/tmp, mem_mb=2000, mem_mib=1908

[Sun Nov  5 14:27:01 2023]
Finished job 13.
22 of 42 steps (52%) done
Select jobs to execute...

[Sun Nov  5 14:27:01 2023]
rule cut_pileup:
    input: /nfs/turbo/dcmb-class/bioinf593/groups/group_05/raw/pileup/HG01109.pileup
    output: /nfs/turbo/dcmb-class/bioinf593/groups/group_05/raw/pileup/HG01109.cut.pileup
    jobid: 28
    reason: Missing output files: /nfs/turbo/dcmb-class/bioinf593/groups/group_05/raw/pileup/HG01109.cut.pileup
    wildcards: sample=HG01109
    resources: tmpdir=/tmp, mem_mb=2000, mem_mib=1908

[Sun Nov  5 14:36:35 2023]
Finished job 28.
23 of 42 steps (55%) done
Select jobs to execute...

[Sun Nov  5 14:36:35 2023]
rule cut_pileup:
    input: /nfs/turbo/dcmb-class/bioinf593/groups/group_05/raw/pileup/HG01175.pileup
    output: /nfs/turbo/dcmb-class/bioinf593/groups/group_05/raw/pileup/HG01175.cut.pileup
    jobid: 8
    reason: Missing output files: /nfs/turbo/dcmb-class/bioinf593/groups/group_05/raw/pileup/HG01175.cut.pileup
    wildcards: sample=HG01175
    resources: tmpdir=/tmp, mem_mb=2000, mem_mib=1908

[Sun Nov  5 14:43:41 2023]
Finished job 8.
24 of 42 steps (57%) done
Select jobs to execute...

[Sun Nov  5 14:43:41 2023]
rule cut_pileup:
    input: /nfs/turbo/dcmb-class/bioinf593/groups/group_05/raw/pileup/HG03486.pileup
    output: /nfs/turbo/dcmb-class/bioinf593/groups/group_05/raw/pileup/HG03486.cut.pileup
    jobid: 40
    reason: Missing output files: /nfs/turbo/dcmb-class/bioinf593/groups/group_05/raw/pileup/HG03486.cut.pileup
    wildcards: sample=HG03486
    resources: tmpdir=/tmp, mem_mb=2000, mem_mib=1908

[Sun Nov  5 14:51:02 2023]
Finished job 40.
25 of 42 steps (60%) done
Select jobs to execute...

[Sun Nov  5 14:51:03 2023]
rule cut_pileup:
    input: /nfs/turbo/dcmb-class/bioinf593/groups/group_05/raw/pileup/HG00735.pileup
    output: /nfs/turbo/dcmb-class/bioinf593/groups/group_05/raw/pileup/HG00735.cut.pileup
    jobid: 4
    reason: Missing output files: /nfs/turbo/dcmb-class/bioinf593/groups/group_05/raw/pileup/HG00735.cut.pileup
    wildcards: sample=HG00735
    resources: tmpdir=/tmp, mem_mb=2000, mem_mib=1908

[Sun Nov  5 14:57:05 2023]
Finished job 4.
26 of 42 steps (62%) done
Select jobs to execute...

[Sun Nov  5 14:57:05 2023]
rule cut_pileup:
    input: /nfs/turbo/dcmb-class/bioinf593/groups/group_05/raw/pileup/HG02630.pileup
    output: /nfs/turbo/dcmb-class/bioinf593/groups/group_05/raw/pileup/HG02630.cut.pileup
    jobid: 20
    reason: Missing output files: /nfs/turbo/dcmb-class/bioinf593/groups/group_05/raw/pileup/HG02630.cut.pileup
    wildcards: sample=HG02630
    resources: tmpdir=/tmp, mem_mb=2000, mem_mib=1908

[Sun Nov  5 15:03:21 2023]
Finished job 20.
27 of 42 steps (64%) done
Select jobs to execute...

[Sun Nov  5 15:03:21 2023]
rule cut_pileup:
    input: /nfs/turbo/dcmb-class/bioinf593/groups/group_05/raw/pileup/HG02148.pileup
    output: /nfs/turbo/dcmb-class/bioinf593/groups/group_05/raw/pileup/HG02148.cut.pileup
    jobid: 16
    reason: Missing output files: /nfs/turbo/dcmb-class/bioinf593/groups/group_05/raw/pileup/HG02148.cut.pileup
    wildcards: sample=HG02148
    resources: tmpdir=/tmp, mem_mb=2000, mem_mib=1908

[Sun Nov  5 15:09:56 2023]
Finished job 16.
28 of 42 steps (67%) done
Select jobs to execute...

[Sun Nov  5 15:09:56 2023]
rule cut_pileup:
    input: /nfs/turbo/dcmb-class/bioinf593/groups/group_05/raw/pileup/HG00741.pileup
    output: /nfs/turbo/dcmb-class/bioinf593/groups/group_05/raw/pileup/HG00741.cut.pileup
    jobid: 5
    reason: Missing output files: /nfs/turbo/dcmb-class/bioinf593/groups/group_05/raw/pileup/HG00741.cut.pileup
    wildcards: sample=HG00741
    resources: tmpdir=/tmp, mem_mb=2000, mem_mib=1908

[Sun Nov  5 15:16:02 2023]
Finished job 5.
29 of 42 steps (69%) done
Select jobs to execute...

[Sun Nov  5 15:16:02 2023]
rule cut_pileup:
    input: /nfs/turbo/dcmb-class/bioinf593/groups/group_05/raw/pileup/HG02970.pileup
    output: /nfs/turbo/dcmb-class/bioinf593/groups/group_05/raw/pileup/HG02970.cut.pileup
    jobid: 35
    reason: Missing output files: /nfs/turbo/dcmb-class/bioinf593/groups/group_05/raw/pileup/HG02970.cut.pileup
    wildcards: sample=HG02970
    resources: tmpdir=/tmp, mem_mb=2000, mem_mib=1908

[Sun Nov  5 15:22:30 2023]
Finished job 35.
30 of 42 steps (71%) done
Select jobs to execute...

[Sun Nov  5 15:22:30 2023]
rule cut_pileup:
    input: /nfs/turbo/dcmb-class/bioinf593/groups/group_05/raw/pileup/HG00438.pileup
    output: /nfs/turbo/dcmb-class/bioinf593/groups/group_05/raw/pileup/HG00438.cut.pileup
    jobid: 1
    reason: Missing output files: /nfs/turbo/dcmb-class/bioinf593/groups/group_05/raw/pileup/HG00438.cut.pileup
    wildcards: sample=HG00438
    resources: tmpdir=/tmp, mem_mb=2000, mem_mib=1908

[Sun Nov  5 15:30:38 2023]
Finished job 1.
31 of 42 steps (74%) done
Select jobs to execute...

[Sun Nov  5 15:30:38 2023]
rule cut_pileup:
    input: /nfs/turbo/dcmb-class/bioinf593/groups/group_05/raw/pileup/HG01891.pileup
    output: /nfs/turbo/dcmb-class/bioinf593/groups/group_05/raw/pileup/HG01891.cut.pileup
    jobid: 12
    reason: Missing output files: /nfs/turbo/dcmb-class/bioinf593/groups/group_05/raw/pileup/HG01891.cut.pileup
    wildcards: sample=HG01891
    resources: tmpdir=/tmp, mem_mb=2000, mem_mib=1908

[Sun Nov  5 15:41:33 2023]
Finished job 12.
32 of 42 steps (76%) done
Select jobs to execute...

[Sun Nov  5 15:41:33 2023]
rule cut_pileup:
    input: /nfs/turbo/dcmb-class/bioinf593/groups/group_05/raw/pileup/HG02080.pileup
    output: /nfs/turbo/dcmb-class/bioinf593/groups/group_05/raw/pileup/HG02080.cut.pileup
    jobid: 31
    reason: Missing output files: /nfs/turbo/dcmb-class/bioinf593/groups/group_05/raw/pileup/HG02080.cut.pileup
    wildcards: sample=HG02080
    resources: tmpdir=/tmp, mem_mb=2000, mem_mib=1908

[Sun Nov  5 15:48:59 2023]
Finished job 31.
33 of 42 steps (79%) done
Select jobs to execute...

[Sun Nov  5 15:48:59 2023]
rule cut_pileup:
    input: /nfs/turbo/dcmb-class/bioinf593/groups/group_05/raw/pileup/HG03516.pileup
    output: /nfs/turbo/dcmb-class/bioinf593/groups/group_05/raw/pileup/HG03516.cut.pileup
    jobid: 24
    reason: Missing output files: /nfs/turbo/dcmb-class/bioinf593/groups/group_05/raw/pileup/HG03516.cut.pileup
    wildcards: sample=HG03516
    resources: tmpdir=/tmp, mem_mb=2000, mem_mib=1908

[Sun Nov  5 15:56:17 2023]
Finished job 24.
34 of 42 steps (81%) done
Select jobs to execute...

[Sun Nov  5 15:56:17 2023]
rule cut_pileup:
    input: /nfs/turbo/dcmb-class/bioinf593/groups/group_05/raw/pileup/HG03492.pileup
    output: /nfs/turbo/dcmb-class/bioinf593/groups/group_05/raw/pileup/HG03492.cut.pileup
    jobid: 39
    reason: Missing output files: /nfs/turbo/dcmb-class/bioinf593/groups/group_05/raw/pileup/HG03492.cut.pileup
    wildcards: sample=HG03492
    resources: tmpdir=/tmp, mem_mb=2000, mem_mib=1908

[Sun Nov  5 16:02:58 2023]
Finished job 39.
35 of 42 steps (83%) done
Select jobs to execute...

[Sun Nov  5 16:02:58 2023]
rule cut_pileup:
    input: /nfs/turbo/dcmb-class/bioinf593/groups/group_05/raw/pileup/HG01258.pileup
    output: /nfs/turbo/dcmb-class/bioinf593/groups/group_05/raw/pileup/HG01258.cut.pileup
    jobid: 9
    reason: Missing output files: /nfs/turbo/dcmb-class/bioinf593/groups/group_05/raw/pileup/HG01258.cut.pileup
    wildcards: sample=HG01258
    resources: tmpdir=/tmp, mem_mb=2000, mem_mib=1908

[Sun Nov  5 16:09:35 2023]
Finished job 9.
36 of 42 steps (86%) done
Select jobs to execute...

[Sun Nov  5 16:09:35 2023]
rule cut_pileup:
    input: /nfs/turbo/dcmb-class/bioinf593/groups/group_05/raw/pileup/HG02145.pileup
    output: /nfs/turbo/dcmb-class/bioinf593/groups/group_05/raw/pileup/HG02145.cut.pileup
    jobid: 32
    reason: Missing output files: /nfs/turbo/dcmb-class/bioinf593/groups/group_05/raw/pileup/HG02145.cut.pileup
    wildcards: sample=HG02145
    resources: tmpdir=/tmp, mem_mb=2000, mem_mib=1908

[Sun Nov  5 16:16:35 2023]
Finished job 32.
37 of 42 steps (88%) done
Select jobs to execute...

[Sun Nov  5 16:16:35 2023]
rule cut_pileup:
    input: /nfs/turbo/dcmb-class/bioinf593/groups/group_05/raw/pileup/HG02818.pileup
    output: /nfs/turbo/dcmb-class/bioinf593/groups/group_05/raw/pileup/HG02818.cut.pileup
    jobid: 34
    reason: Missing output files: /nfs/turbo/dcmb-class/bioinf593/groups/group_05/raw/pileup/HG02818.cut.pileup
    wildcards: sample=HG02818
    resources: tmpdir=/tmp, mem_mb=2000, mem_mib=1908

[Sun Nov  5 16:36:39 2023]
Error in rule cut_pileup:
    jobid: 34
    input: /nfs/turbo/dcmb-class/bioinf593/groups/group_05/raw/pileup/HG02818.pileup
    output: /nfs/turbo/dcmb-class/bioinf593/groups/group_05/raw/pileup/HG02818.cut.pileup
    shell:
        
        cut -f 1-4 /nfs/turbo/dcmb-class/bioinf593/groups/group_05/raw/pileup/HG02818.pileup > /nfs/turbo/dcmb-class/bioinf593/groups/group_05/raw/pileup/HG02818.cut.pileup
        
        (one of the commands exited with non-zero exit code; note that snakemake uses bash strict mode!)

Removing output files of failed job cut_pileup since they might be corrupted:
/nfs/turbo/dcmb-class/bioinf593/groups/group_05/raw/pileup/HG02818.cut.pileup
Shutting down, this might take some time.
Exiting because a job execution failed. Look above for error message
Complete log: .snakemake/log/2023-11-05T115227.491004.snakemake.log
