Building DAG of jobs...
Using shell: /usr/bin/bash
Provided cores: 11
Rules claiming more threads will be scaled down.
Job stats:
job           count
----------  -------
all               1
get_pileup       20
total            21

Select jobs to execute...

[Thu Nov  2 20:01:52 2023]
rule get_pileup:
    input: /nfs/turbo/dcmb-class/bioinf593/groups/group_05/raw/short/HG01361.short.cram
    output: /nfs/turbo/dcmb-class/bioinf593/groups/group_05/raw/pileup/HG01361.pileup
    jobid: 11
    reason: Missing output files: /nfs/turbo/dcmb-class/bioinf593/groups/group_05/raw/pileup/HG01361.pileup
    wildcards: sample=HG01361
    resources: tmpdir=/tmp, mem_mb=4000, mem_mib=3815


[Thu Nov  2 20:01:53 2023]
rule get_pileup:
    input: /nfs/turbo/dcmb-class/bioinf593/groups/group_05/raw/short/NA19240.short.cram
    output: /nfs/turbo/dcmb-class/bioinf593/groups/group_05/raw/pileup/NA19240.pileup
    jobid: 37
    reason: Missing output files: /nfs/turbo/dcmb-class/bioinf593/groups/group_05/raw/pileup/NA19240.pileup
    wildcards: sample=NA19240
    resources: tmpdir=/tmp, mem_mb=4000, mem_mib=3815


[Thu Nov  2 20:01:53 2023]
rule get_pileup:
    input: /nfs/turbo/dcmb-class/bioinf593/groups/group_05/raw/short/HG03098.short.cram
    output: /nfs/turbo/dcmb-class/bioinf593/groups/group_05/raw/pileup/HG03098.pileup
    jobid: 41
    reason: Missing output files: /nfs/turbo/dcmb-class/bioinf593/groups/group_05/raw/pileup/HG03098.pileup
    wildcards: sample=HG03098
    resources: tmpdir=/tmp, mem_mb=4000, mem_mib=3815


[Thu Nov  2 20:01:53 2023]
rule get_pileup:
    input: /nfs/turbo/dcmb-class/bioinf593/groups/group_05/raw/short/HG01106.short.cram
    output: /nfs/turbo/dcmb-class/bioinf593/groups/group_05/raw/pileup/HG01106.pileup
    jobid: 7
    reason: Missing output files: /nfs/turbo/dcmb-class/bioinf593/groups/group_05/raw/pileup/HG01106.pileup
    wildcards: sample=HG01106
    resources: tmpdir=/tmp, mem_mb=4000, mem_mib=3815


[Thu Nov  2 20:01:53 2023]
rule get_pileup:
    input: /nfs/turbo/dcmb-class/bioinf593/groups/group_05/raw/short/HG02886.short.cram
    output: /nfs/turbo/dcmb-class/bioinf593/groups/group_05/raw/pileup/HG02886.pileup
    jobid: 22
    reason: Missing output files: /nfs/turbo/dcmb-class/bioinf593/groups/group_05/raw/pileup/HG02886.pileup
    wildcards: sample=HG02886
    resources: tmpdir=/tmp, mem_mb=4000, mem_mib=3815


[Thu Nov  2 20:01:53 2023]
rule get_pileup:
    input: /nfs/turbo/dcmb-class/bioinf593/groups/group_05/raw/short/HG02723.short.cram
    output: /nfs/turbo/dcmb-class/bioinf593/groups/group_05/raw/pileup/HG02723.pileup
    jobid: 33
    reason: Missing output files: /nfs/turbo/dcmb-class/bioinf593/groups/group_05/raw/pileup/HG02723.pileup
    wildcards: sample=HG02723
    resources: tmpdir=/tmp, mem_mb=4000, mem_mib=3815


[Thu Nov  2 20:01:53 2023]
rule get_pileup:
    input: /nfs/turbo/dcmb-class/bioinf593/groups/group_05/raw/short/HG02717.short.cram
    output: /nfs/turbo/dcmb-class/bioinf593/groups/group_05/raw/pileup/HG02717.pileup
    jobid: 21
    reason: Missing output files: /nfs/turbo/dcmb-class/bioinf593/groups/group_05/raw/pileup/HG02717.pileup
    wildcards: sample=HG02717
    resources: tmpdir=/tmp, mem_mb=4000, mem_mib=3815


[Thu Nov  2 20:01:53 2023]
rule get_pileup:
    input: /nfs/turbo/dcmb-class/bioinf593/groups/group_05/raw/short/NA20129.short.cram
    output: /nfs/turbo/dcmb-class/bioinf593/groups/group_05/raw/pileup/NA20129.pileup
    jobid: 36
    reason: Missing output files: /nfs/turbo/dcmb-class/bioinf593/groups/group_05/raw/pileup/NA20129.pileup
    wildcards: sample=NA20129
    resources: tmpdir=/tmp, mem_mb=4000, mem_mib=3815


[Thu Nov  2 20:01:53 2023]
rule get_pileup:
    input: /nfs/turbo/dcmb-class/bioinf593/groups/group_05/raw/short/HG01071.short.cram
    output: /nfs/turbo/dcmb-class/bioinf593/groups/group_05/raw/pileup/HG01071.pileup
    jobid: 6
    reason: Missing output files: /nfs/turbo/dcmb-class/bioinf593/groups/group_05/raw/pileup/HG01071.pileup
    wildcards: sample=HG01071
    resources: tmpdir=/tmp, mem_mb=4000, mem_mib=3815


[Thu Nov  2 20:01:53 2023]
rule get_pileup:
    input: /nfs/turbo/dcmb-class/bioinf593/groups/group_05/raw/short/HG02148.short.cram
    output: /nfs/turbo/dcmb-class/bioinf593/groups/group_05/raw/pileup/HG02148.pileup
    jobid: 16
    reason: Missing output files: /nfs/turbo/dcmb-class/bioinf593/groups/group_05/raw/pileup/HG02148.pileup
    wildcards: sample=HG02148
    resources: tmpdir=/tmp, mem_mb=4000, mem_mib=3815


[Thu Nov  2 20:01:53 2023]
rule get_pileup:
    input: /nfs/turbo/dcmb-class/bioinf593/groups/group_05/raw/short/HG03453.short.cram
    output: /nfs/turbo/dcmb-class/bioinf593/groups/group_05/raw/pileup/HG03453.pileup
    jobid: 23
    reason: Missing output files: /nfs/turbo/dcmb-class/bioinf593/groups/group_05/raw/pileup/HG03453.pileup
    wildcards: sample=HG03453
    resources: tmpdir=/tmp, mem_mb=4000, mem_mib=3815

[Thu Nov  2 23:11:09 2023]
Error in rule get_pileup:
    jobid: 16
    input: /nfs/turbo/dcmb-class/bioinf593/groups/group_05/raw/short/HG02148.short.cram
    output: /nfs/turbo/dcmb-class/bioinf593/groups/group_05/raw/pileup/HG02148.pileup
    shell:
        samtools mpileup -f /nfs/turbo/dcmb-class/bioinf593/groups/group_05/refs/GRCh38_full_analysis_set_plus_decoy_hla.fa -l /nfs/turbo/dcmb-class/bioinf593/groups/group_05/refs/slopped.bed /nfs/turbo/dcmb-class/bioinf593/groups/group_05/raw/short/HG02148.short.cram > /nfs/turbo/dcmb-class/bioinf593/groups/group_05/raw/pileup/HG02148.pileup
        (one of the commands exited with non-zero exit code; note that snakemake uses bash strict mode!)

Removing output files of failed job get_pileup since they might be corrupted:
/nfs/turbo/dcmb-class/bioinf593/groups/group_05/raw/pileup/HG02148.pileup
[Thu Nov  2 23:24:32 2023]
Finished job 23.
1 of 21 steps (5%) done
[Thu Nov  2 23:45:22 2023]
Finished job 37.
2 of 21 steps (10%) done
[Thu Nov  2 23:48:41 2023]
Finished job 33.
3 of 21 steps (14%) done
[Thu Nov  2 23:49:13 2023]
Finished job 41.
4 of 21 steps (19%) done
[Thu Nov  2 23:49:59 2023]
Finished job 7.
5 of 21 steps (24%) done
[Thu Nov  2 23:50:18 2023]
Finished job 6.
6 of 21 steps (29%) done
[Thu Nov  2 23:50:18 2023]
Finished job 36.
7 of 21 steps (33%) done
[Fri Nov  3 00:01:26 2023]
Finished job 11.
8 of 21 steps (38%) done
[Fri Nov  3 00:02:15 2023]
Finished job 21.
9 of 21 steps (43%) done
[Fri Nov  3 00:06:19 2023]
Finished job 22.
10 of 21 steps (48%) done
Shutting down, this might take some time.
Exiting because a job execution failed. Look above for error message
Complete log: .snakemake/log/2023-11-02T200151.620407.snakemake.log
