Building DAG of jobs...
Using shell: /usr/bin/bash
Provided cores: 1 (use --cores to define parallelism)
Rules claiming more threads will be scaled down.
Job stats:
job               count
--------------  -------
all                   1
download_hifi         6
download_short        3
total                10

Select jobs to execute...

[Fri Oct 27 16:23:30 2023]
rule download_hifi:
    output: /nfs/turbo/dcmb-class/bioinf593/groups/group_05/raw/hifi/HG00099.3.hifi.bam
    jobid: 6
    reason: Missing output files: /nfs/turbo/dcmb-class/bioinf593/groups/group_05/raw/hifi/HG00099.3.hifi.bam
    wildcards: sample=HG00099.3, ext=.bam
    resources: tmpdir=/tmp

[Fri Oct 27 16:44:42 2023]
Finished job 6.
1 of 10 steps (10%) done
Select jobs to execute...

[Fri Oct 27 16:44:43 2023]
rule download_hifi:
    output: /nfs/turbo/dcmb-class/bioinf593/groups/group_05/raw/hifi/HG00099.2.hifi.bam
    jobid: 5
    reason: Missing output files: /nfs/turbo/dcmb-class/bioinf593/groups/group_05/raw/hifi/HG00099.2.hifi.bam
    wildcards: sample=HG00099.2, ext=.bam
    resources: tmpdir=/tmp

[Fri Oct 27 17:03:08 2023]
Finished job 5.
2 of 10 steps (20%) done
Select jobs to execute...

[Fri Oct 27 17:03:08 2023]
rule download_short:
    output: /nfs/turbo/dcmb-class/bioinf593/groups/group_05/raw/short/NA06986.1.short.cram
    jobid: 2
    reason: Missing output files: /nfs/turbo/dcmb-class/bioinf593/groups/group_05/raw/short/NA06986.1.short.cram
    wildcards: sample=NA06986.1, ext=.cram
    resources: tmpdir=/tmp

[Fri Oct 27 17:05:49 2023]
Finished job 2.
3 of 10 steps (30%) done
Select jobs to execute...

[Fri Oct 27 17:05:49 2023]
rule download_hifi:
    output: /nfs/turbo/dcmb-class/bioinf593/groups/group_05/raw/hifi/HG00099.1.hifi.bam
    jobid: 4
    reason: Missing output files: /nfs/turbo/dcmb-class/bioinf593/groups/group_05/raw/hifi/HG00099.1.hifi.bam
    wildcards: sample=HG00099.1, ext=.bam
    resources: tmpdir=/tmp

[Fri Oct 27 17:26:15 2023]
Finished job 4.
4 of 10 steps (40%) done
Select jobs to execute...

[Fri Oct 27 17:26:15 2023]
rule download_hifi:
    output: /nfs/turbo/dcmb-class/bioinf593/groups/group_05/raw/hifi/NA18522.3.hifi.bam
    jobid: 9
    reason: Missing output files: /nfs/turbo/dcmb-class/bioinf593/groups/group_05/raw/hifi/NA18522.3.hifi.bam
    wildcards: sample=NA18522.3, ext=.bam
    resources: tmpdir=/tmp

[Fri Oct 27 17:45:28 2023]
Finished job 9.
5 of 10 steps (50%) done
Select jobs to execute...

[Fri Oct 27 17:45:28 2023]
rule download_short:
    output: /nfs/turbo/dcmb-class/bioinf593/groups/group_05/raw/short/NA06985.1.short.cram
    jobid: 1
    reason: Missing output files: /nfs/turbo/dcmb-class/bioinf593/groups/group_05/raw/short/NA06985.1.short.cram
    wildcards: sample=NA06985.1, ext=.cram
    resources: tmpdir=/tmp

[Fri Oct 27 17:48:27 2023]
Finished job 1.
6 of 10 steps (60%) done
Select jobs to execute...

[Fri Oct 27 17:48:27 2023]
rule download_hifi:
    output: /nfs/turbo/dcmb-class/bioinf593/groups/group_05/raw/hifi/NA18522.1.hifi.bam
    jobid: 7
    reason: Missing output files: /nfs/turbo/dcmb-class/bioinf593/groups/group_05/raw/hifi/NA18522.1.hifi.bam
    wildcards: sample=NA18522.1, ext=.bam
    resources: tmpdir=/tmp

[Fri Oct 27 18:05:10 2023]
Finished job 7.
7 of 10 steps (70%) done
Select jobs to execute...

[Fri Oct 27 18:05:10 2023]
rule download_hifi:
    output: /nfs/turbo/dcmb-class/bioinf593/groups/group_05/raw/hifi/NA18522.2.hifi.bam
    jobid: 8
    reason: Missing output files: /nfs/turbo/dcmb-class/bioinf593/groups/group_05/raw/hifi/NA18522.2.hifi.bam
    wildcards: sample=NA18522.2, ext=.bam
    resources: tmpdir=/tmp

[Fri Oct 27 18:22:45 2023]
Finished job 8.
8 of 10 steps (80%) done
Select jobs to execute...

[Fri Oct 27 18:22:45 2023]
rule download_short:
    output: /nfs/turbo/dcmb-class/bioinf593/groups/group_05/raw/short/NA06994.1.short.cram
    jobid: 3
    reason: Missing output files: /nfs/turbo/dcmb-class/bioinf593/groups/group_05/raw/short/NA06994.1.short.cram
    wildcards: sample=NA06994.1, ext=.cram
    resources: tmpdir=/tmp

[Fri Oct 27 18:25:38 2023]
Finished job 3.
9 of 10 steps (90%) done
Select jobs to execute...

[Fri Oct 27 18:25:38 2023]
localrule all:
    input: /nfs/turbo/dcmb-class/bioinf593/groups/group_05/raw/short/NA06985.1.short.cram, /nfs/turbo/dcmb-class/bioinf593/groups/group_05/raw/short/NA06986.1.short.cram, /nfs/turbo/dcmb-class/bioinf593/groups/group_05/raw/short/NA06994.1.short.cram, /nfs/turbo/dcmb-class/bioinf593/groups/group_05/raw/hifi/HG00099.1.hifi.bam, /nfs/turbo/dcmb-class/bioinf593/groups/group_05/raw/hifi/HG00099.2.hifi.bam, /nfs/turbo/dcmb-class/bioinf593/groups/group_05/raw/hifi/HG00099.3.hifi.bam, /nfs/turbo/dcmb-class/bioinf593/groups/group_05/raw/hifi/NA18522.1.hifi.bam, /nfs/turbo/dcmb-class/bioinf593/groups/group_05/raw/hifi/NA18522.2.hifi.bam, /nfs/turbo/dcmb-class/bioinf593/groups/group_05/raw/hifi/NA18522.3.hifi.bam
    jobid: 0
    reason: Input files updated by another job: /nfs/turbo/dcmb-class/bioinf593/groups/group_05/raw/hifi/HG00099.1.hifi.bam, /nfs/turbo/dcmb-class/bioinf593/groups/group_05/raw/short/NA06986.1.short.cram, /nfs/turbo/dcmb-class/bioinf593/groups/group_05/raw/hifi/NA18522.3.hifi.bam, /nfs/turbo/dcmb-class/bioinf593/groups/group_05/raw/short/NA06985.1.short.cram, /nfs/turbo/dcmb-class/bioinf593/groups/group_05/raw/hifi/NA18522.2.hifi.bam, /nfs/turbo/dcmb-class/bioinf593/groups/group_05/raw/hifi/HG00099.3.hifi.bam, /nfs/turbo/dcmb-class/bioinf593/groups/group_05/raw/short/NA06994.1.short.cram, /nfs/turbo/dcmb-class/bioinf593/groups/group_05/raw/hifi/NA18522.1.hifi.bam, /nfs/turbo/dcmb-class/bioinf593/groups/group_05/raw/hifi/HG00099.2.hifi.bam
    resources: tmpdir=/tmp

[Fri Oct 27 18:25:38 2023]
Finished job 0.
10 of 10 steps (100%) done
Complete log: .snakemake/log/2023-10-27T162329.417854.snakemake.log
