Building DAG of jobs...
Using shell: /usr/bin/bash
Provided cores: 1 (use --cores to define parallelism)
Rules claiming more threads will be scaled down.
Provided resources: mem_mb=1000
Job stats:
job              count
-------------  -------
all                  1
download_hifi        1
total                2

Select jobs to execute...

[Tue Nov 14 17:22:46 2023]
rule download_hifi:
    output: /nfs/turbo/dcmb-class/bioinf593/groups/group_05/raw/hifi/HG02970.hifi.bam
    jobid: 1
    reason: Missing output files: /nfs/turbo/dcmb-class/bioinf593/groups/group_05/raw/hifi/HG02970.hifi.bam
    wildcards: sample=HG02970, ext=.bam
    resources: tmpdir=/tmp, mem_mb=1000, mem_mib=954

fatal error: An error occurred (404) when calling the HeadObject operation: Key "working/HPRC_PLUS/HG02970/analysis/aligned_reads/hifi/GRCh38/HG02970_aligned_GRCh38_winnowmap.sorted.bam" does not exist
[Tue Nov 14 17:23:24 2023]
Error in rule download_hifi:
    jobid: 1
    output: /nfs/turbo/dcmb-class/bioinf593/groups/group_05/raw/hifi/HG02970.hifi.bam
    shell:
        
            # if url is not S3 use wget
            mkdir -p raw_data/short_reads
            if [[ ! "https://s3-us-west-2.amazonaws.com/human-pangenomics/index.html?prefix=working/HPRC_PLUS/HG02970/analysis/aligned_reads/hifi/GRCh38/HG02970_aligned_GRCh38_winnowmap.sorted.bam" == "https://s3"* ]]; then
                wget -O "/nfs/turbo/dcmb-class/bioinf593/groups/group_05/raw/hifi/HG02970.hifi.bam" "https://s3-us-west-2.amazonaws.com/human-pangenomics/index.html?prefix=working/HPRC_PLUS/HG02970/analysis/aligned_reads/hifi/GRCh38/HG02970_aligned_GRCh38_winnowmap.sorted.bam"
            else
                # Convert the URL to S3 format and download using AWS CLI
                s3_key=$(echo "https://s3-us-west-2.amazonaws.com/human-pangenomics/index.html?prefix=working/HPRC_PLUS/HG02970/analysis/aligned_reads/hifi/GRCh38/HG02970_aligned_GRCh38_winnowmap.sorted.bam" | sed -e 's~https://s3-us-west-2.amazonaws.com/human-pangenomics/index.html?prefix=~~')
                aws s3 cp "s3://human-pangenomics/${s3_key}" "/nfs/turbo/dcmb-class/bioinf593/groups/group_05/raw/hifi/HG02970.hifi.bam"
            fi
            
        (one of the commands exited with non-zero exit code; note that snakemake uses bash strict mode!)

Shutting down, this might take some time.
Exiting because a job execution failed. Look above for error message
Complete log: .snakemake/log/2023-11-14T172243.273958.snakemake.log
Building DAG of jobs...
MissingInputException in rule get_hifi_index in file /nfs/turbo/dcmb-class/bioinf593/groups/group_05/STRipe/index.smk, line 63:
Missing input files for rule get_hifi_index:
    output: /nfs/turbo/dcmb-class/bioinf593/groups/group_05/raw/hifi/HG02970.hifi.bam.bai
    wildcards: sample=HG02970, ext=.bam, iext=bai
    affected files:
        /nfs/turbo/dcmb-class/bioinf593/groups/group_05/raw/hifi/HG02970.hifi.bam
Building DAG of jobs...
MissingInputException in rule call_trgt in file /nfs/turbo/dcmb-class/bioinf593/groups/group_05/STRipe/call_trgt.smk, line 15:
Missing input files for rule call_trgt:
    output: /nfs/turbo/dcmb-class/bioinf593/groups/group_05/output/trgt/HG02970.hifi.sorted.vcf.gz
    wildcards: sample=HG02970
    affected files:
        /nfs/turbo/dcmb-class/bioinf593/groups/group_05/raw/hifi/HG02970.hifi.bam
rm: cannot remove '/nfs/turbo/dcmb-class/bioinf593/groups/group_05/raw/hifi/HG02970.hifi.bam': No such file or directory
rm: cannot remove '/nfs/turbo/dcmb-class/bioinf593/groups/group_05/output/trgt/HG02970.hifi.sorted.spanning.bam': No such file or directory
